Started GET "/stock" for 127.0.0.1 at 2019-01-14 23:43:14 +1100
  
ActionController::RoutingError (No route matches [GET] "/stock"):
  
actionpack (5.2.2) lib/action_dispatch/middleware/debug_exceptions.rb:65:in `call'
web-console (3.7.0) lib/web_console/middleware.rb:135:in `call_app'
web-console (3.7.0) lib/web_console/middleware.rb:30:in `block in call'
web-console (3.7.0) lib/web_console/middleware.rb:20:in `catch'
web-console (3.7.0) lib/web_console/middleware.rb:20:in `call'
actionpack (5.2.2) lib/action_dispatch/middleware/show_exceptions.rb:33:in `call'
railties (5.2.2) lib/rails/rack/logger.rb:38:in `call_app'
railties (5.2.2) lib/rails/rack/logger.rb:26:in `block in call'
activesupport (5.2.2) lib/active_support/tagged_logging.rb:71:in `block in tagged'
activesupport (5.2.2) lib/active_support/tagged_logging.rb:28:in `tagged'
activesupport (5.2.2) lib/active_support/tagged_logging.rb:71:in `tagged'
railties (5.2.2) lib/rails/rack/logger.rb:26:in `call'
sprockets-rails (3.2.1) lib/sprockets/rails/quiet_assets.rb:13:in `call'
actionpack (5.2.2) lib/action_dispatch/middleware/remote_ip.rb:81:in `call'
actionpack (5.2.2) lib/action_dispatch/middleware/request_id.rb:27:in `call'
rack (2.0.6) lib/rack/method_override.rb:22:in `call'
rack (2.0.6) lib/rack/runtime.rb:22:in `call'
activesupport (5.2.2) lib/active_support/cache/strategy/local_cache_middleware.rb:29:in `call'
actionpack (5.2.2) lib/action_dispatch/middleware/executor.rb:14:in `call'
actionpack (5.2.2) lib/action_dispatch/middleware/static.rb:127:in `call'
rack (2.0.6) lib/rack/sendfile.rb:111:in `call'
railties (5.2.2) lib/rails/engine.rb:524:in `call'
puma (3.12.0) lib/puma/configuration.rb:225:in `call'
puma (3.12.0) lib/puma/server.rb:658:in `handle_request'
puma (3.12.0) lib/puma/server.rb:472:in `process_client'
puma (3.12.0) lib/puma/server.rb:332:in `block in run'
puma (3.12.0) lib/puma/thread_pool.rb:133:in `block in spawn_thread'
Started GET "/" for 127.0.0.1 at 2019-01-14 23:43:19 +1100
Processing by PagesController#homepage as HTML
  Rendering pages/homepage.html.erb within layouts/application
  Rendered pages/homepage.html.erb within layouts/application (1.0ms)
Completed 200 OK in 764ms (Views: 762.4ms | ActiveRecord: 0.0ms)


Started GET "/" for 127.0.0.1 at 2019-01-14 23:43:22 +1100
Processing by PagesController#homepage as HTML
  Rendering pages/homepage.html.erb within layouts/application
  Rendered pages/homepage.html.erb within layouts/application (0.5ms)
Completed 200 OK in 48ms (Views: 46.0ms | ActiveRecord: 0.0ms)


Started GET "/magic_eight_ball" for 127.0.0.1 at 2019-01-14 23:43:24 +1100
Processing by MagicEightBallController#homepage as HTML
  Rendering magic_eight_ball/homepage.html.erb within layouts/application
  Rendered magic_eight_ball/homepage.html.erb within layouts/application (0.6ms)
Completed 200 OK in 124ms (Views: 123.3ms | ActiveRecord: 0.0ms)


Started GET "/magic_eight_ball/result?question=8" for 127.0.0.1 at 2019-01-14 23:43:28 +1100
Processing by MagicEightBallController#result as HTML
  Parameters: {"question"=>"8"}
  Rendering magic_eight_ball/result.html.erb within layouts/application
  Rendered magic_eight_ball/result.html.erb within layouts/application (0.9ms)
Completed 200 OK in 36ms (Views: 34.9ms | ActiveRecord: 0.0ms)


Started GET "/secret_number" for 127.0.0.1 at 2019-01-14 23:43:34 +1100
Processing by SecretNumberController#homepage as HTML
  Rendering secret_number/homepage.html.erb within layouts/application
  Rendered secret_number/homepage.html.erb within layouts/application (1.7ms)
Completed 200 OK in 46ms (Views: 45.0ms | ActiveRecord: 0.0ms)


Started GET "/secret_number/result?guess=8" for 127.0.0.1 at 2019-01-14 23:43:37 +1100
Processing by SecretNumberController#result as HTML
  Parameters: {"guess"=>"8"}
  Rendering secret_number/result.html.erb within layouts/application
  Rendered secret_number/result.html.erb within layouts/application (1.3ms)
Completed 200 OK in 39ms (Views: 37.9ms | ActiveRecord: 0.0ms)


Started GET "/" for 127.0.0.1 at 2019-01-14 23:43:44 +1100
Processing by PagesController#homepage as HTML
  Rendering pages/homepage.html.erb within layouts/application
  Rendered pages/homepage.html.erb within layouts/application (0.8ms)
Completed 200 OK in 59ms (Views: 57.5ms | ActiveRecord: 0.0ms)


Started GET "/magic_eight_ball" for 127.0.0.1 at 2019-01-14 23:43:45 +1100
Processing by MagicEightBallController#homepage as HTML
  Rendering magic_eight_ball/homepage.html.erb within layouts/application
  Rendered magic_eight_ball/homepage.html.erb within layouts/application (0.7ms)
Completed 200 OK in 50ms (Views: 48.9ms | ActiveRecord: 0.0ms)


Started GET "/magic_eight_ball/result?question=1" for 127.0.0.1 at 2019-01-14 23:44:08 +1100
Processing by MagicEightBallController#result as HTML
  Parameters: {"question"=>"1"}
  Rendering magic_eight_ball/result.html.erb within layouts/application
  Rendered magic_eight_ball/result.html.erb within layouts/application (1.6ms)
Completed 200 OK in 40ms (Views: 39.5ms | ActiveRecord: 0.0ms)


Started GET "/magic_eight_ball" for 127.0.0.1 at 2019-01-14 23:44:13 +1100
Processing by MagicEightBallController#homepage as HTML
  Rendering magic_eight_ball/homepage.html.erb within layouts/application
  Rendered magic_eight_ball/homepage.html.erb within layouts/application (0.5ms)
Completed 200 OK in 75ms (Views: 73.6ms | ActiveRecord: 0.0ms)


Started GET "/magic_eight_ball/result?question=9" for 127.0.0.1 at 2019-01-14 23:44:16 +1100
Processing by MagicEightBallController#result as HTML
  Parameters: {"question"=>"9"}
  Rendering magic_eight_ball/result.html.erb within layouts/application
  Rendered magic_eight_ball/result.html.erb within layouts/application (0.9ms)
Completed 200 OK in 42ms (Views: 40.9ms | ActiveRecord: 0.0ms)


Started GET "/magic_eight_ball" for 127.0.0.1 at 2019-01-14 23:44:18 +1100
Processing by MagicEightBallController#homepage as HTML
  Rendering magic_eight_ball/homepage.html.erb within layouts/application
  Rendered magic_eight_ball/homepage.html.erb within layouts/application (0.8ms)
Completed 200 OK in 59ms (Views: 56.0ms | ActiveRecord: 0.0ms)


Started GET "/secret_number" for 127.0.0.1 at 2019-01-14 23:44:19 +1100
Processing by SecretNumberController#homepage as HTML
  Rendering secret_number/homepage.html.erb within layouts/application
  Rendered secret_number/homepage.html.erb within layouts/application (1.2ms)
Completed 200 OK in 256ms (Views: 255.4ms | ActiveRecord: 0.0ms)


Started GET "/secret_number/result?guess=5" for 127.0.0.1 at 2019-01-14 23:44:38 +1100
Processing by SecretNumberController#result as HTML
  Parameters: {"guess"=>"5"}
  Rendering secret_number/result.html.erb within layouts/application
  Rendered secret_number/result.html.erb within layouts/application (0.6ms)
Completed 200 OK in 36ms (Views: 35.6ms | ActiveRecord: 0.0ms)


