  [1m[35m (442.5ms)[0m  [1m[35mCREATE DATABASE "bookauthor_development" ENCODING = 'unicode'[0m
  ↳ bin/rails:9
  [1m[35m (319.6ms)[0m  [1m[35mCREATE DATABASE "bookauthor_test" ENCODING = 'unicode'[0m
  ↳ bin/rails:9
  [1m[35m (124.3ms)[0m  [1m[35mCREATE TABLE "schema_migrations" ("version" character varying NOT NULL PRIMARY KEY)[0m
  ↳ bin/rails:9
  [1m[35m (7.7ms)[0m  [1m[35mCREATE TABLE "ar_internal_metadata" ("key" character varying NOT NULL PRIMARY KEY, "value" character varying, "created_at" timestamp NOT NULL, "updated_at" timestamp NOT NULL)[0m
  ↳ bin/rails:9
  [1m[35m (1.4ms)[0m  [1m[34mSELECT pg_try_advisory_lock(4488388151780482320)[0m
  ↳ bin/rails:9
  [1m[35m (1.8ms)[0m  [1m[34mSELECT "schema_migrations"."version" FROM "schema_migrations" ORDER BY "schema_migrations"."version" ASC[0m
  ↳ bin/rails:9
Migrating to CreateAuthors (20190116200545)
  [1m[35m (0.7ms)[0m  [1m[35mBEGIN[0m
  ↳ bin/rails:9
  [1m[35m (15.1ms)[0m  [1m[35mCREATE TABLE "authors" ("id" bigserial primary key, "name" text, "nationality" text, "dob" date, "image" text, "created_at" timestamp NOT NULL, "updated_at" timestamp NOT NULL)[0m
  ↳ db/migrate/20190116200545_create_authors.rb:3
  [1m[36mActiveRecord::SchemaMigration Create (3.5ms)[0m  [1m[32mINSERT INTO "schema_migrations" ("version") VALUES ($1) RETURNING "version"[0m  [["version", "20190116200545"]]
  ↳ bin/rails:9
  [1m[35m (8.8ms)[0m  [1m[35mCOMMIT[0m
  ↳ bin/rails:9
  [1m[36mActiveRecord::InternalMetadata Load (1.3ms)[0m  [1m[34mSELECT  "ar_internal_metadata".* FROM "ar_internal_metadata" WHERE "ar_internal_metadata"."key" = $1 LIMIT $2[0m  [["key", "environment"], ["LIMIT", 1]]
  ↳ bin/rails:9
  [1m[35m (3.5ms)[0m  [1m[35mBEGIN[0m
  ↳ bin/rails:9
  [1m[36mActiveRecord::InternalMetadata Create (2.6ms)[0m  [1m[32mINSERT INTO "ar_internal_metadata" ("key", "value", "created_at", "updated_at") VALUES ($1, $2, $3, $4) RETURNING "key"[0m  [["key", "environment"], ["value", "development"], ["created_at", "2019-01-16 20:07:55.687562"], ["updated_at", "2019-01-16 20:07:55.687562"]]
  ↳ bin/rails:9
  [1m[35m (0.5ms)[0m  [1m[35mCOMMIT[0m
  ↳ bin/rails:9
  [1m[35m (10.3ms)[0m  [1m[34mSELECT pg_advisory_unlock(4488388151780482320)[0m
  ↳ bin/rails:9
  [1m[35m (2.4ms)[0m  [1m[34mSELECT "schema_migrations"."version" FROM "schema_migrations" ORDER BY "schema_migrations"."version" ASC[0m
  ↳ bin/rails:9
  [1m[35m (4.3ms)[0m  [1m[34mSELECT "schema_migrations"."version" FROM "schema_migrations" ORDER BY "schema_migrations"."version" ASC[0m
  ↳ /Users/shouyi/.rvm/gems/ruby-2.5.3/bin/annotate:23
  [1m[35m (1.1ms)[0m  [1m[34mSELECT "schema_migrations"."version" FROM "schema_migrations" ORDER BY "schema_migrations"."version" ASC[0m
  ↳ /Users/shouyi/.rvm/gems/ruby-2.5.3/bin/annotate:23
  [1m[35m (1.0ms)[0m  [1m[34mSELECT "schema_migrations"."version" FROM "schema_migrations" ORDER BY "schema_migrations"."version" ASC[0m
  ↳ bin/rails:9
  [1m[35m (0.3ms)[0m  [1m[35mBEGIN[0m
  ↳ db/seeds.rb:9
  [1m[36mAuthor Create (3.8ms)[0m  [1m[32mINSERT INTO "authors" ("name", "nationality", "dob", "image", "created_at", "updated_at") VALUES ($1, $2, $3, $4, $5, $6) RETURNING "id"[0m  [["name", "Jane Austen"], ["nationality", "British"], ["dob", "1775-12-16"], ["image", "https://upload.wikimedia.org/wikipedia/commons/thumb/c/cc/CassandraAusten-JaneAusten%28c.1810%29_hires.jpg/540px-CassandraAusten-JaneAusten%28c.1810%29_hires.jpg"], ["created_at", "2019-01-16 20:26:42.940643"], ["updated_at", "2019-01-16 20:26:42.940643"]]
  ↳ db/seeds.rb:9
  [1m[35m (0.5ms)[0m  [1m[35mCOMMIT[0m
  ↳ db/seeds.rb:9
Started GET "/" for 127.0.0.1 at 2019-01-17 07:50:05 +1100
  [1m[35m (1.0ms)[0m  [1m[34mSELECT "schema_migrations"."version" FROM "schema_migrations" ORDER BY "schema_migrations"."version" ASC[0m
  ↳ /Users/shouyi/.rvm/gems/ruby-2.5.3/gems/activerecord-5.2.2/lib/active_record/log_subscriber.rb:98
Processing by Rails::WelcomeController#index as HTML
  Rendering /Users/shouyi/.rvm/gems/ruby-2.5.3/gems/railties-5.2.2/lib/rails/templates/rails/welcome/index.html.erb
  Rendered /Users/shouyi/.rvm/gems/ruby-2.5.3/gems/railties-5.2.2/lib/rails/templates/rails/welcome/index.html.erb (7.1ms)
Completed 200 OK in 29ms (Views: 18.6ms | ActiveRecord: 0.0ms)


Started GET "/author" for 127.0.0.1 at 2019-01-17 07:50:12 +1100
  
ActionController::RoutingError (No route matches [GET] "/author"):
  
actionpack (5.2.2) lib/action_dispatch/middleware/debug_exceptions.rb:65:in `call'
web-console (3.7.0) lib/web_console/middleware.rb:135:in `call_app'
web-console (3.7.0) lib/web_console/middleware.rb:30:in `block in call'
web-console (3.7.0) lib/web_console/middleware.rb:20:in `catch'
web-console (3.7.0) lib/web_console/middleware.rb:20:in `call'
actionpack (5.2.2) lib/action_dispatch/middleware/show_exceptions.rb:33:in `call'
railties (5.2.2) lib/rails/rack/logger.rb:38:in `call_app'
railties (5.2.2) lib/rails/rack/logger.rb:26:in `block in call'
activesupport (5.2.2) lib/active_support/tagged_logging.rb:71:in `block in tagged'
activesupport (5.2.2) lib/active_support/tagged_logging.rb:28:in `tagged'
activesupport (5.2.2) lib/active_support/tagged_logging.rb:71:in `tagged'
railties (5.2.2) lib/rails/rack/logger.rb:26:in `call'
sprockets-rails (3.2.1) lib/sprockets/rails/quiet_assets.rb:13:in `call'
actionpack (5.2.2) lib/action_dispatch/middleware/remote_ip.rb:81:in `call'
actionpack (5.2.2) lib/action_dispatch/middleware/request_id.rb:27:in `call'
rack (2.0.6) lib/rack/method_override.rb:22:in `call'
rack (2.0.6) lib/rack/runtime.rb:22:in `call'
activesupport (5.2.2) lib/active_support/cache/strategy/local_cache_middleware.rb:29:in `call'
actionpack (5.2.2) lib/action_dispatch/middleware/executor.rb:14:in `call'
actionpack (5.2.2) lib/action_dispatch/middleware/static.rb:127:in `call'
rack (2.0.6) lib/rack/sendfile.rb:111:in `call'
railties (5.2.2) lib/rails/engine.rb:524:in `call'
puma (3.12.0) lib/puma/configuration.rb:225:in `call'
puma (3.12.0) lib/puma/server.rb:658:in `handle_request'
puma (3.12.0) lib/puma/server.rb:472:in `process_client'
puma (3.12.0) lib/puma/server.rb:332:in `block in run'
puma (3.12.0) lib/puma/thread_pool.rb:133:in `block in spawn_thread'
Started GET "/authors" for 127.0.0.1 at 2019-01-17 07:50:15 +1100
Processing by AuthorsController#index as HTML
  Rendering authors/index.html.erb within layouts/application
  [1m[36mAuthor Load (8.1ms)[0m  [1m[34mSELECT "authors".* FROM "authors"[0m
  ↳ app/views/authors/index.html.erb:1
  Rendered authors/index.html.erb within layouts/application (118.0ms)
Completed 200 OK in 1158ms (Views: 1116.5ms | ActiveRecord: 26.7ms)


Started GET "/authors" for 127.0.0.1 at 2019-01-17 07:52:31 +1100
Processing by AuthorsController#index as HTML
  Rendering authors/index.html.erb within layouts/application
  [1m[36mAuthor Load (0.9ms)[0m  [1m[34mSELECT "authors".* FROM "authors"[0m
  ↳ app/views/authors/index.html.erb:1
  Rendered authors/index.html.erb within layouts/application (10.0ms)
Completed 200 OK in 113ms (Views: 100.0ms | ActiveRecord: 7.6ms)


  [1m[35m (0.4ms)[0m  [1m[34mSELECT pg_try_advisory_lock(4488388151780482320)[0m
  ↳ bin/rails:9
  [1m[35m (1.5ms)[0m  [1m[34mSELECT "schema_migrations"."version" FROM "schema_migrations" ORDER BY "schema_migrations"."version" ASC[0m
  ↳ bin/rails:9
  [1m[36mActiveRecord::InternalMetadata Load (1.4ms)[0m  [1m[34mSELECT  "ar_internal_metadata".* FROM "ar_internal_metadata" WHERE "ar_internal_metadata"."key" = $1 LIMIT $2[0m  [["key", "environment"], ["LIMIT", 1]]
  ↳ bin/rails:9
  [1m[35m (0.3ms)[0m  [1m[35mBEGIN[0m
  ↳ bin/rails:9
  [1m[35m (0.2ms)[0m  [1m[35mCOMMIT[0m
  ↳ bin/rails:9
  [1m[35m (0.3ms)[0m  [1m[34mSELECT pg_advisory_unlock(4488388151780482320)[0m
  ↳ bin/rails:9
  [1m[35m (0.4ms)[0m  [1m[34mSELECT "schema_migrations"."version" FROM "schema_migrations" ORDER BY "schema_migrations"."version" ASC[0m
  ↳ bin/rails:9
  [1m[35m (1.0ms)[0m  [1m[34mSELECT "schema_migrations"."version" FROM "schema_migrations" ORDER BY "schema_migrations"."version" ASC[0m
  ↳ bin/rails:9
  [1m[36mAuthor Load (0.7ms)[0m  [1m[34mSELECT "authors".* FROM "authors"[0m
  ↳ db/seeds.rb:9
  [1m[35m (0.3ms)[0m  [1m[35mBEGIN[0m
  ↳ db/seeds.rb:9
  [1m[36mAuthor Destroy (6.2ms)[0m  [1m[31mDELETE FROM "authors" WHERE "authors"."id" = $1[0m  [["id", 1]]
  ↳ db/seeds.rb:9
  [1m[35m (0.7ms)[0m  [1m[35mCOMMIT[0m
  ↳ db/seeds.rb:9
  [1m[35m (0.4ms)[0m  [1m[35mBEGIN[0m
  ↳ db/seeds.rb:10
  [1m[36mAuthor Create (0.8ms)[0m  [1m[32mINSERT INTO "authors" ("name", "nationality", "dob", "image", "created_at", "updated_at") VALUES ($1, $2, $3, $4, $5, $6) RETURNING "id"[0m  [["name", "Jane Austen"], ["nationality", "British"], ["dob", "1775-12-16"], ["image", "https://upload.wikimedia.org/wikipedia/commons/thumb/c/cc/CassandraAusten-JaneAusten%28c.1810%29_hires.jpg/540px-CassandraAusten-JaneAusten%28c.1810%29_hires.jpg"], ["created_at", "2019-01-16 20:59:51.432388"], ["updated_at", "2019-01-16 20:59:51.432388"]]
  ↳ db/seeds.rb:10
  [1m[35m (0.5ms)[0m  [1m[35mCOMMIT[0m
  ↳ db/seeds.rb:10
  [1m[36mBook Load (1.1ms)[0m  [1m[34mSELECT "books".* FROM "books"[0m
  ↳ db/seeds.rb:13
  [1m[35m (0.4ms)[0m  [1m[34mSELECT pg_try_advisory_lock(4488388151780482320)[0m
  ↳ bin/rails:9
  [1m[35m (1.1ms)[0m  [1m[34mSELECT "schema_migrations"."version" FROM "schema_migrations" ORDER BY "schema_migrations"."version" ASC[0m
  ↳ bin/rails:9
Migrating to CreateBooks (20190116210314)
  [1m[35m (0.4ms)[0m  [1m[35mBEGIN[0m
  ↳ bin/rails:9
  [1m[35m (12.8ms)[0m  [1m[35mCREATE TABLE "books" ("id" bigserial primary key, "name" text, "image" text, "created_at" timestamp NOT NULL, "updated_at" timestamp NOT NULL)[0m
  ↳ db/migrate/20190116210314_create_books.rb:3
  [1m[36mActiveRecord::SchemaMigration Create (1.0ms)[0m  [1m[32mINSERT INTO "schema_migrations" ("version") VALUES ($1) RETURNING "version"[0m  [["version", "20190116210314"]]
  ↳ bin/rails:9
  [1m[35m (5.2ms)[0m  [1m[35mCOMMIT[0m
  ↳ bin/rails:9
  [1m[36mActiveRecord::InternalMetadata Load (9.4ms)[0m  [1m[34mSELECT  "ar_internal_metadata".* FROM "ar_internal_metadata" WHERE "ar_internal_metadata"."key" = $1 LIMIT $2[0m  [["key", "environment"], ["LIMIT", 1]]
  ↳ bin/rails:9
  [1m[35m (0.2ms)[0m  [1m[35mBEGIN[0m
  ↳ bin/rails:9
  [1m[35m (0.3ms)[0m  [1m[35mCOMMIT[0m
  ↳ bin/rails:9
  [1m[35m (0.8ms)[0m  [1m[34mSELECT pg_advisory_unlock(4488388151780482320)[0m
  ↳ bin/rails:9
  [1m[35m (5.1ms)[0m  [1m[34mSELECT "schema_migrations"."version" FROM "schema_migrations" ORDER BY "schema_migrations"."version" ASC[0m
  ↳ bin/rails:9
  [1m[35m (0.7ms)[0m  [1m[34mSELECT pg_try_advisory_lock(4488388151780482320)[0m
  ↳ bin/rails:9
  [1m[35m (3.0ms)[0m  [1m[34mSELECT "schema_migrations"."version" FROM "schema_migrations" ORDER BY "schema_migrations"."version" ASC[0m
  ↳ bin/rails:9
Migrating to AddAuthorIdToBooks (20190116212520)
  [1m[35m (0.5ms)[0m  [1m[35mBEGIN[0m
  ↳ bin/rails:9
  [1m[35m (6.6ms)[0m  [1m[35mALTER TABLE "books" ADD "author_id" integer[0m
  ↳ db/migrate/20190116212520_add_author_id_to_books.rb:3
  [1m[36mActiveRecord::SchemaMigration Create (1.3ms)[0m  [1m[32mINSERT INTO "schema_migrations" ("version") VALUES ($1) RETURNING "version"[0m  [["version", "20190116212520"]]
  ↳ bin/rails:9
  [1m[35m (1.1ms)[0m  [1m[35mCOMMIT[0m
  ↳ bin/rails:9
  [1m[36mActiveRecord::InternalMetadata Load (1.2ms)[0m  [1m[34mSELECT  "ar_internal_metadata".* FROM "ar_internal_metadata" WHERE "ar_internal_metadata"."key" = $1 LIMIT $2[0m  [["key", "environment"], ["LIMIT", 1]]
  ↳ bin/rails:9
  [1m[35m (0.3ms)[0m  [1m[35mBEGIN[0m
  ↳ bin/rails:9
  [1m[35m (0.2ms)[0m  [1m[35mCOMMIT[0m
  ↳ bin/rails:9
  [1m[35m (0.3ms)[0m  [1m[34mSELECT pg_advisory_unlock(4488388151780482320)[0m
  ↳ bin/rails:9
  [1m[35m (10.5ms)[0m  [1m[34mSELECT "schema_migrations"."version" FROM "schema_migrations" ORDER BY "schema_migrations"."version" ASC[0m
  ↳ bin/rails:9
Started GET "/authors" for 127.0.0.1 at 2019-01-17 08:28:18 +1100
  [1m[35m (1.1ms)[0m  [1m[34mSELECT "schema_migrations"."version" FROM "schema_migrations" ORDER BY "schema_migrations"."version" ASC[0m
  ↳ /Users/shouyi/.rvm/gems/ruby-2.5.3/gems/activerecord-5.2.2/lib/active_record/log_subscriber.rb:98
Processing by AuthorsController#index as HTML
  Rendering authors/index.html.erb within layouts/application
  [1m[36mAuthor Load (4.4ms)[0m  [1m[34mSELECT "authors".* FROM "authors"[0m
  ↳ app/views/authors/index.html.erb:2
  Rendered authors/index.html.erb within layouts/application (76.7ms)
Completed 200 OK in 170ms (Views: 106.9ms | ActiveRecord: 43.9ms)


Started GET "/books" for 127.0.0.1 at 2019-01-17 08:28:25 +1100
Processing by BooksController#index as HTML
  Rendering books/index.html.erb within layouts/application
  [1m[36mBook Load (2.4ms)[0m  [1m[34mSELECT "books".* FROM "books"[0m
  ↳ app/views/books/index.html.erb:2
  Rendered books/index.html.erb within layouts/application (7.6ms)
Completed 200 OK in 49ms (Views: 26.9ms | ActiveRecord: 5.5ms)


Started GET "/books" for 127.0.0.1 at 2019-01-17 08:28:27 +1100
Processing by BooksController#index as HTML
  Rendering books/index.html.erb within layouts/application
  [1m[36mBook Load (0.5ms)[0m  [1m[34mSELECT "books".* FROM "books"[0m
  ↳ app/views/books/index.html.erb:2
  Rendered books/index.html.erb within layouts/application (2.1ms)
Completed 200 OK in 35ms (Views: 29.3ms | ActiveRecord: 0.5ms)


Started GET "/books" for 127.0.0.1 at 2019-01-17 08:28:30 +1100
Processing by BooksController#index as HTML
  Rendering books/index.html.erb within layouts/application
  [1m[36mBook Load (0.6ms)[0m  [1m[34mSELECT "books".* FROM "books"[0m
  ↳ app/views/books/index.html.erb:2
  Rendered books/index.html.erb within layouts/application (2.0ms)
Completed 200 OK in 39ms (Views: 32.0ms | ActiveRecord: 0.6ms)


Started GET "/books/new" for 127.0.0.1 at 2019-01-17 08:28:31 +1100
Processing by BooksController#new as HTML
  Rendering books/new.html.erb within layouts/application
  [1m[35m (0.4ms)[0m  [1m[34mSELECT "authors"."name", "authors"."id" FROM "authors"[0m
  ↳ app/views/books/_form.html.erb:7
  Rendered books/_form.html.erb (28.1ms)
  Rendered books/new.html.erb within layouts/application (33.3ms)
Completed 200 OK in 77ms (Views: 55.6ms | ActiveRecord: 6.0ms)


Started GET "/books" for 127.0.0.1 at 2019-01-17 08:28:33 +1100
Processing by BooksController#index as HTML
  Rendering books/index.html.erb within layouts/application
  [1m[36mBook Load (0.6ms)[0m  [1m[34mSELECT "books".* FROM "books"[0m
  ↳ app/views/books/index.html.erb:2
  Rendered books/index.html.erb within layouts/application (2.5ms)
Completed 200 OK in 52ms (Views: 42.7ms | ActiveRecord: 0.6ms)


Started GET "/authors" for 127.0.0.1 at 2019-01-17 08:28:34 +1100
Processing by AuthorsController#index as HTML
  Rendering authors/index.html.erb within layouts/application
  [1m[36mAuthor Load (0.7ms)[0m  [1m[34mSELECT "authors".* FROM "authors"[0m
  ↳ app/views/authors/index.html.erb:2
  Rendered authors/index.html.erb within layouts/application (3.0ms)
Completed 200 OK in 40ms (Views: 31.3ms | ActiveRecord: 0.7ms)


Started GET "/books" for 127.0.0.1 at 2019-01-17 08:28:35 +1100
Processing by BooksController#index as HTML
  Rendering books/index.html.erb within layouts/application
  [1m[36mBook Load (0.8ms)[0m  [1m[34mSELECT "books".* FROM "books"[0m
  ↳ app/views/books/index.html.erb:2
  Rendered books/index.html.erb within layouts/application (2.7ms)
Completed 200 OK in 48ms (Views: 37.4ms | ActiveRecord: 0.8ms)


Started GET "/books" for 127.0.0.1 at 2019-01-17 08:28:59 +1100
Processing by BooksController#index as HTML
  Rendering books/index.html.erb within layouts/application
  [1m[36mBook Load (0.4ms)[0m  [1m[34mSELECT "books".* FROM "books"[0m
  ↳ app/views/books/index.html.erb:2
  Rendered books/index.html.erb within layouts/application (1.3ms)
Completed 200 OK in 31ms (Views: 26.8ms | ActiveRecord: 0.4ms)


Started GET "/authors" for 127.0.0.1 at 2019-01-17 08:29:11 +1100
Processing by AuthorsController#index as HTML
  Rendering authors/index.html.erb within layouts/application
  [1m[36mAuthor Load (0.8ms)[0m  [1m[34mSELECT "authors".* FROM "authors"[0m
  ↳ app/views/authors/index.html.erb:2
  Rendered authors/index.html.erb within layouts/application (3.0ms)
Completed 200 OK in 41ms (Views: 33.6ms | ActiveRecord: 0.8ms)


Started GET "/books" for 127.0.0.1 at 2019-01-17 08:29:15 +1100
Processing by BooksController#index as HTML
  Rendering books/index.html.erb within layouts/application
  [1m[36mBook Load (0.5ms)[0m  [1m[34mSELECT "books".* FROM "books"[0m
  ↳ app/views/books/index.html.erb:2
  Rendered books/index.html.erb within layouts/application (1.7ms)
Completed 200 OK in 47ms (Views: 38.9ms | ActiveRecord: 0.5ms)


Started GET "/authors" for 127.0.0.1 at 2019-01-17 09:12:00 +1100
  [1m[35m (2.0ms)[0m  [1m[34mSELECT "schema_migrations"."version" FROM "schema_migrations" ORDER BY "schema_migrations"."version" ASC[0m
  ↳ /Users/shouyi/.rvm/gems/ruby-2.5.3/gems/activerecord-5.2.2/lib/active_record/log_subscriber.rb:98
Processing by AuthorsController#index as HTML
  Rendering authors/index.html.erb within layouts/application
  [1m[36mAuthor Load (5.7ms)[0m  [1m[34mSELECT "authors".* FROM "authors"[0m
  ↳ app/views/authors/index.html.erb:2
  Rendered authors/index.html.erb within layouts/application (45.1ms)
Completed 200 OK in 343ms (Views: 309.7ms | ActiveRecord: 23.7ms)


Started GET "/authors/new" for 127.0.0.1 at 2019-01-17 09:12:04 +1100
Processing by AuthorsController#new as HTML
  Rendering authors/new.html.erb within layouts/application
  Rendered authors/_form.html.erb (7.1ms)
  Rendered authors/new.html.erb within layouts/application (11.8ms)
Completed 500 Internal Server Error in 31ms (ActiveRecord: 0.0ms)


  
ActionView::Template::Error (First argument in form cannot contain nil or be empty):
    1: <%= form_for @artist do |f| %>
    2:   <%= f.label :name %>
    3:   <%= f.text_field :name, :autofocus => true, :required => true %>
    4: 
  
app/views/authors/_form.html.erb:1:in `_app_views_authors__form_html_erb___598723667882362073_70178343349740'
app/views/authors/new.html.erb:3:in `_app_views_authors_new_html_erb__2686535210879206554_70178348382160'
Started GET "/authors/new" for 127.0.0.1 at 2019-01-17 09:12:41 +1100
Processing by AuthorsController#new as HTML
  Rendering authors/new.html.erb within layouts/application
  Rendered authors/_form.html.erb (20.7ms)
  Rendered authors/new.html.erb within layouts/application (25.1ms)
Completed 200 OK in 50ms (Views: 46.8ms | ActiveRecord: 0.0ms)


Started POST "/authors" for 127.0.0.1 at 2019-01-17 09:13:04 +1100
Processing by AuthorsController#create as HTML
  Parameters: {"utf8"=>"✓", "authenticity_token"=>"s5wrwp8ouGbW+Fn/vUESaTsmqf+O/jxLk5FVyyJ0HbQ8S9Fc+zOgS6HiYLuGRPfJ4kMun278JWUNVS4IIj7qYg==", "author"=>{"name"=>"Shouyi Wang", "nationality"=>"Chinese", "dob"=>"1987-08-04", "image"=>""}, "commit"=>"Create Author"}
  [1m[35m (0.3ms)[0m  [1m[35mBEGIN[0m
  ↳ app/controllers/authors_controller.rb:15
  [1m[36mAuthor Create (5.2ms)[0m  [1m[32mINSERT INTO "authors" ("name", "nationality", "dob", "image", "created_at", "updated_at") VALUES ($1, $2, $3, $4, $5, $6) RETURNING "id"[0m  [["name", "Shouyi Wang"], ["nationality", "Chinese"], ["dob", "1987-08-04"], ["image", ""], ["created_at", "2019-01-16 22:13:04.371884"], ["updated_at", "2019-01-16 22:13:04.371884"]]
  ↳ app/controllers/authors_controller.rb:15
  [1m[35m (0.6ms)[0m  [1m[35mCOMMIT[0m
  ↳ app/controllers/authors_controller.rb:15
Redirected to http://localhost:3000/authors/3
Completed 302 Found in 12ms (ActiveRecord: 6.0ms)


Started GET "/authors/3" for 127.0.0.1 at 2019-01-17 09:13:04 +1100
Processing by AuthorsController#show as HTML
  Parameters: {"id"=>"3"}
  [1m[36mAuthor Load (0.4ms)[0m  [1m[34mSELECT  "authors".* FROM "authors" WHERE "authors"."id" = $1 LIMIT $2[0m  [["id", 3], ["LIMIT", 1]]
  ↳ app/controllers/authors_controller.rb:7
  Rendering authors/show.html.erb within layouts/application
  [1m[36mBook Load (0.4ms)[0m  [1m[34mSELECT "books".* FROM "books" WHERE "books"."author_id" = $1[0m  [["author_id", 3]]
  ↳ app/views/authors/show.html.erb:9
  Rendered authors/show.html.erb within layouts/application (31.8ms)
Completed 200 OK in 66ms (Views: 56.6ms | ActiveRecord: 3.2ms)


Started GET "/authors" for 127.0.0.1 at 2019-01-17 09:13:07 +1100
Processing by AuthorsController#index as HTML
  Rendering authors/index.html.erb within layouts/application
  [1m[36mAuthor Load (0.4ms)[0m  [1m[34mSELECT "authors".* FROM "authors"[0m
  ↳ app/views/authors/index.html.erb:2
  Rendered authors/index.html.erb within layouts/application (2.8ms)
Completed 200 OK in 31ms (Views: 26.8ms | ActiveRecord: 0.4ms)


Started GET "/authors/new" for 127.0.0.1 at 2019-01-17 09:13:09 +1100
Processing by AuthorsController#new as HTML
  Rendering authors/new.html.erb within layouts/application
  Rendered authors/_form.html.erb (4.7ms)
  Rendered authors/new.html.erb within layouts/application (8.7ms)
Completed 200 OK in 41ms (Views: 33.5ms | ActiveRecord: 0.0ms)


Started GET "/authors" for 127.0.0.1 at 2019-01-17 09:13:10 +1100
Processing by AuthorsController#index as HTML
  Rendering authors/index.html.erb within layouts/application
  [1m[36mAuthor Load (0.6ms)[0m  [1m[34mSELECT "authors".* FROM "authors"[0m
  ↳ app/views/authors/index.html.erb:2
  Rendered authors/index.html.erb within layouts/application (3.2ms)
Completed 200 OK in 40ms (Views: 31.4ms | ActiveRecord: 0.6ms)


Started GET "/books" for 127.0.0.1 at 2019-01-17 09:13:12 +1100
Processing by BooksController#index as HTML
  Rendering books/index.html.erb within layouts/application
  [1m[36mBook Load (0.5ms)[0m  [1m[34mSELECT "books".* FROM "books"[0m
  ↳ app/views/books/index.html.erb:2
  Rendered books/index.html.erb within layouts/application (1.7ms)
Completed 200 OK in 31ms (Views: 24.1ms | ActiveRecord: 0.5ms)


Started GET "/books/new" for 127.0.0.1 at 2019-01-17 09:13:13 +1100
Processing by BooksController#new as HTML
  Rendering books/new.html.erb within layouts/application
  [1m[35m (0.5ms)[0m  [1m[34mSELECT "authors"."name", "authors"."id" FROM "authors"[0m
  ↳ app/views/books/_form.html.erb:7
  Rendered books/_form.html.erb (4.7ms)
  Rendered books/new.html.erb within layouts/application (8.2ms)
Completed 200 OK in 55ms (Views: 36.5ms | ActiveRecord: 6.4ms)


Started POST "/books" for 127.0.0.1 at 2019-01-17 09:13:23 +1100
Processing by BooksController#create as HTML
  Parameters: {"utf8"=>"✓", "authenticity_token"=>"qn6UYusjiLb3t4zitULJ3fpBAQi2BQ+AVaT/zJzpcpH7fxHHJrLZb/OIO87ReI/aR6pzvoLijguwNBD8+xH3JQ==", "book"=>{"name"=>"hahaha", "image"=>"", "author_id"=>"3"}, "commit"=>"Create Book"}
  [1m[35m (0.2ms)[0m  [1m[35mBEGIN[0m
  ↳ app/controllers/books_controller.rb:15
  [1m[36mBook Create (4.2ms)[0m  [1m[32mINSERT INTO "books" ("name", "image", "created_at", "updated_at", "author_id") VALUES ($1, $2, $3, $4, $5) RETURNING "id"[0m  [["name", "hahaha"], ["image", ""], ["created_at", "2019-01-16 22:13:23.010937"], ["updated_at", "2019-01-16 22:13:23.010937"], ["author_id", 3]]
  ↳ app/controllers/books_controller.rb:15
  [1m[35m (1.7ms)[0m  [1m[35mCOMMIT[0m
  ↳ app/controllers/books_controller.rb:15
Redirected to http://localhost:3000/books/1
Completed 302 Found in 11ms (ActiveRecord: 6.1ms)


Started GET "/books/1" for 127.0.0.1 at 2019-01-17 09:13:23 +1100
Processing by BooksController#show as HTML
  Parameters: {"id"=>"1"}
  [1m[36mBook Load (0.4ms)[0m  [1m[34mSELECT  "books".* FROM "books" WHERE "books"."id" = $1 LIMIT $2[0m  [["id", 1], ["LIMIT", 1]]
  ↳ app/controllers/books_controller.rb:7
  Rendering books/show.html.erb within layouts/application
  Rendered books/show.html.erb within layouts/application (8.3ms)
Completed 500 Internal Server Error in 26ms (ActiveRecord: 0.4ms)


  
ActionView::Template::Error (undefined method `title' for #<Book:0x00007fa7573f5c68>):
    1: <h2><%= @book.title %></h2>
    2: <%= image_tag @book.image, :alt => @book.title, :class => 'feature' %>
    3: <h3>Name: <%= @book.name %></h3>
    4: <% if @book.author.present? %>
  
app/views/books/show.html.erb:1:in `_app_views_books_show_html_erb___2635552158711279286_70178350015480'
Started GET "/books/1" for 127.0.0.1 at 2019-01-17 09:14:48 +1100
Processing by BooksController#show as HTML
  Parameters: {"id"=>"1"}
  [1m[36mBook Load (0.3ms)[0m  [1m[34mSELECT  "books".* FROM "books" WHERE "books"."id" = $1 LIMIT $2[0m  [["id", 1], ["LIMIT", 1]]
  ↳ app/controllers/books_controller.rb:7
  Rendering books/show.html.erb within layouts/application
  Rendered books/show.html.erb within layouts/application (7.6ms)
Completed 500 Internal Server Error in 37ms (ActiveRecord: 6.5ms)


  
ActionView::Template::Error (undefined method `title' for #<Book:0x00007fa75438ddc8>):
    1: <h2><%= @book.name %></h2>
    2: <%= image_tag @book.image, :alt => @book.title, :class => 'feature' %>
    3: <% if @book.author.present? %>
    4:     <li>Author: <%= link_to @book.author.name, @book.author %></li>
    5:   <% end %>
  
app/views/books/show.html.erb:2:in `_app_views_books_show_html_erb___2635552158711279286_70178324576720'
Started GET "/books" for 127.0.0.1 at 2019-01-17 09:14:54 +1100
Processing by BooksController#index as HTML
  Rendering books/index.html.erb within layouts/application
  [1m[36mBook Load (0.5ms)[0m  [1m[34mSELECT "books".* FROM "books"[0m
  ↳ app/views/books/index.html.erb:2
  Rendered books/index.html.erb within layouts/application (3.0ms)
Completed 200 OK in 38ms (Views: 30.7ms | ActiveRecord: 0.5ms)


Started GET "/books" for 127.0.0.1 at 2019-01-17 09:14:55 +1100
Processing by BooksController#index as HTML
  Rendering books/index.html.erb within layouts/application
  [1m[36mBook Load (0.5ms)[0m  [1m[34mSELECT "books".* FROM "books"[0m
  ↳ app/views/books/index.html.erb:2
  Rendered books/index.html.erb within layouts/application (2.5ms)
Completed 200 OK in 35ms (Views: 27.9ms | ActiveRecord: 0.5ms)


Started GET "/authors/new" for 127.0.0.1 at 2019-01-17 09:14:56 +1100
Processing by AuthorsController#new as HTML
  Rendering authors/new.html.erb within layouts/application
  Rendered authors/_form.html.erb (2.6ms)
  Rendered authors/new.html.erb within layouts/application (5.5ms)
Completed 200 OK in 58ms (Views: 28.0ms | ActiveRecord: 10.7ms)


Started GET "/authors" for 127.0.0.1 at 2019-01-17 09:14:57 +1100
Processing by AuthorsController#index as HTML
  Rendering authors/index.html.erb within layouts/application
  [1m[36mAuthor Load (0.5ms)[0m  [1m[34mSELECT "authors".* FROM "authors"[0m
  ↳ app/views/authors/index.html.erb:2
  Rendered authors/index.html.erb within layouts/application (2.9ms)
Completed 200 OK in 41ms (Views: 34.9ms | ActiveRecord: 0.5ms)


Started GET "/books" for 127.0.0.1 at 2019-01-17 09:14:57 +1100
Processing by BooksController#index as HTML
  Rendering books/index.html.erb within layouts/application
  [1m[36mBook Load (0.4ms)[0m  [1m[34mSELECT "books".* FROM "books"[0m
  ↳ app/views/books/index.html.erb:2
  Rendered books/index.html.erb within layouts/application (2.1ms)
Completed 200 OK in 44ms (Views: 36.3ms | ActiveRecord: 0.4ms)


  [1m[36mBook Load (0.6ms)[0m  [1m[34mSELECT  "books".* FROM "books" ORDER BY "books"."id" ASC LIMIT $1[0m  [["LIMIT", 1]]
  [1m[36mBook Load (0.6ms)[0m  [1m[34mSELECT  "books".* FROM "books" ORDER BY "books"."id" ASC LIMIT $1 OFFSET $2[0m  [["LIMIT", 1], ["OFFSET", 1]]
  [1m[36mBook Load (0.6ms)[0m  [1m[34mSELECT  "books".* FROM "books" ORDER BY "books"."id" DESC LIMIT $1[0m  [["LIMIT", 1]]
Started GET "/books" for 127.0.0.1 at 2019-01-17 09:16:36 +1100
Processing by BooksController#index as HTML
  Rendering books/index.html.erb within layouts/application
  [1m[36mBook Load (0.4ms)[0m  [1m[34mSELECT "books".* FROM "books"[0m
  ↳ app/views/books/index.html.erb:2
  Rendered books/index.html.erb within layouts/application (1.8ms)
Completed 200 OK in 31ms (Views: 26.7ms | ActiveRecord: 0.4ms)


Started GET "/books/new" for 127.0.0.1 at 2019-01-17 09:16:38 +1100
Processing by BooksController#new as HTML
  Rendering books/new.html.erb within layouts/application
  [1m[35m (0.5ms)[0m  [1m[34mSELECT "authors"."name", "authors"."id" FROM "authors"[0m
  ↳ app/views/books/_form.html.erb:7
  Rendered books/_form.html.erb (5.5ms)
  Rendered books/new.html.erb within layouts/application (9.1ms)
Completed 200 OK in 47ms (Views: 38.2ms | ActiveRecord: 0.5ms)


Started GET "/books" for 127.0.0.1 at 2019-01-17 09:16:38 +1100
Processing by BooksController#index as HTML
  Rendering books/index.html.erb within layouts/application
  [1m[36mBook Load (0.6ms)[0m  [1m[34mSELECT "books".* FROM "books"[0m
  ↳ app/views/books/index.html.erb:2
  Rendered books/index.html.erb within layouts/application (2.4ms)
Completed 200 OK in 38ms (Views: 30.5ms | ActiveRecord: 0.6ms)


Started GET "/authors/new" for 127.0.0.1 at 2019-01-17 09:16:39 +1100
Processing by AuthorsController#new as HTML
  Rendering authors/new.html.erb within layouts/application
  Rendered authors/_form.html.erb (4.4ms)
  Rendered authors/new.html.erb within layouts/application (10.0ms)
Completed 200 OK in 46ms (Views: 39.0ms | ActiveRecord: 0.0ms)


Started GET "/authors" for 127.0.0.1 at 2019-01-17 09:16:40 +1100
Processing by AuthorsController#index as HTML
  Rendering authors/index.html.erb within layouts/application
  [1m[36mAuthor Load (0.5ms)[0m  [1m[34mSELECT "authors".* FROM "authors"[0m
  ↳ app/views/authors/index.html.erb:2
  Rendered authors/index.html.erb within layouts/application (3.2ms)
Completed 200 OK in 38ms (Views: 31.0ms | ActiveRecord: 0.5ms)


Started GET "/books/new" for 127.0.0.1 at 2019-01-17 09:16:41 +1100
Processing by BooksController#new as HTML
  Rendering books/new.html.erb within layouts/application
  [1m[35m (0.4ms)[0m  [1m[34mSELECT "authors"."name", "authors"."id" FROM "authors"[0m
  ↳ app/views/books/_form.html.erb:7
  Rendered books/_form.html.erb (4.2ms)
  Rendered books/new.html.erb within layouts/application (8.6ms)
Completed 200 OK in 42ms (Views: 34.1ms | ActiveRecord: 0.4ms)


Started GET "/" for 127.0.0.1 at 2019-01-17 09:17:08 +1100
Processing by BooksController#index as HTML
  Rendering books/index.html.erb within layouts/application
  [1m[36mBook Load (0.4ms)[0m  [1m[34mSELECT "books".* FROM "books"[0m
  ↳ app/views/books/index.html.erb:2
  Rendered books/index.html.erb within layouts/application (2.0ms)
Completed 200 OK in 41ms (Views: 33.7ms | ActiveRecord: 0.4ms)


Started GET "/books/new" for 127.0.0.1 at 2019-01-17 09:17:53 +1100
Processing by BooksController#new as HTML
  Rendering books/new.html.erb within layouts/application
  [1m[35m (0.5ms)[0m  [1m[34mSELECT "authors"."name", "authors"."id" FROM "authors"[0m
  ↳ app/views/books/_form.html.erb:7
  Rendered books/_form.html.erb (4.3ms)
  Rendered books/new.html.erb within layouts/application (8.4ms)
Completed 200 OK in 40ms (Views: 34.2ms | ActiveRecord: 0.5ms)


Started POST "/books" for 127.0.0.1 at 2019-01-17 09:18:02 +1100
Processing by BooksController#create as HTML
  Parameters: {"utf8"=>"✓", "authenticity_token"=>"Dey2nXFI18g1yyQKMAEZaXDU6TJTPtvb5oNoBBEntD5c7TM4vNmGETH0kyZUO19uzT+bhGfZWlADE4c0dt8xig==", "book"=>{"name"=>"Pride", "image"=>"https://upload.wikimedia.org/wikipedia/commons/thumb/1/17/PrideAndPrejudiceTitlePage.jpg/600px-PrideAndPrejudiceTitlePage.jpg", "author_id"=>"3"}, "commit"=>"Create Book"}
  [1m[35m (0.3ms)[0m  [1m[35mBEGIN[0m
  ↳ app/controllers/books_controller.rb:15
  [1m[36mBook Create (0.5ms)[0m  [1m[32mINSERT INTO "books" ("name", "image", "created_at", "updated_at", "author_id") VALUES ($1, $2, $3, $4, $5) RETURNING "id"[0m  [["name", "Pride"], ["image", "https://upload.wikimedia.org/wikipedia/commons/thumb/1/17/PrideAndPrejudiceTitlePage.jpg/600px-PrideAndPrejudiceTitlePage.jpg"], ["created_at", "2019-01-16 22:18:02.921042"], ["updated_at", "2019-01-16 22:18:02.921042"], ["author_id", 3]]
  ↳ app/controllers/books_controller.rb:15
  [1m[35m (0.8ms)[0m  [1m[35mCOMMIT[0m
  ↳ app/controllers/books_controller.rb:15
Redirected to http://localhost:3000/books/2
Completed 302 Found in 7ms (ActiveRecord: 1.6ms)


Started GET "/books/2" for 127.0.0.1 at 2019-01-17 09:18:02 +1100
Processing by BooksController#show as HTML
  Parameters: {"id"=>"2"}
  [1m[36mBook Load (0.4ms)[0m  [1m[34mSELECT  "books".* FROM "books" WHERE "books"."id" = $1 LIMIT $2[0m  [["id", 2], ["LIMIT", 1]]
  ↳ app/controllers/books_controller.rb:7
  Rendering books/show.html.erb within layouts/application
  Rendered books/show.html.erb within layouts/application (8.4ms)
Completed 500 Internal Server Error in 24ms (ActiveRecord: 0.4ms)


  
ActionView::Template::Error (undefined method `title' for #<Book:0x00007fa7574ad890>):
    1: <h2><%= @book.name %></h2>
    2: <%= image_tag @book.image, :alt => @book.title, :class => 'feature' %>
    3: <% if @book.author.present? %>
    4:     <li>Author: <%= link_to @book.author.name, @book.author %></li>
    5:   <% end %>
  
app/views/books/show.html.erb:2:in `_app_views_books_show_html_erb___2635552158711279286_70178350391860'
Started GET "/books/2" for 127.0.0.1 at 2019-01-17 09:18:53 +1100
Processing by BooksController#show as HTML
  Parameters: {"id"=>"2"}
  [1m[36mBook Load (0.5ms)[0m  [1m[34mSELECT  "books".* FROM "books" WHERE "books"."id" = $1 LIMIT $2[0m  [["id", 2], ["LIMIT", 1]]
  ↳ app/controllers/books_controller.rb:7
  Rendering books/show.html.erb within layouts/application
  [1m[36mAuthor Load (0.4ms)[0m  [1m[34mSELECT  "authors".* FROM "authors" WHERE "authors"."id" = $1 LIMIT $2[0m  [["id", 3], ["LIMIT", 1]]
  ↳ app/views/books/show.html.erb:3
  Rendered books/show.html.erb within layouts/application (19.6ms)
Completed 200 OK in 52ms (Views: 45.1ms | ActiveRecord: 0.9ms)


Started GET "/books" for 127.0.0.1 at 2019-01-17 09:18:58 +1100
Processing by BooksController#index as HTML
  Rendering books/index.html.erb within layouts/application
  [1m[36mBook Load (0.5ms)[0m  [1m[34mSELECT "books".* FROM "books"[0m
  ↳ app/views/books/index.html.erb:2
  Rendered books/index.html.erb within layouts/application (2.7ms)
Completed 200 OK in 40ms (Views: 31.8ms | ActiveRecord: 0.5ms)


Started GET "/books" for 127.0.0.1 at 2019-01-17 09:19:01 +1100
Processing by BooksController#index as HTML
  Rendering books/index.html.erb within layouts/application
  [1m[36mBook Load (0.5ms)[0m  [1m[34mSELECT "books".* FROM "books"[0m
  ↳ app/views/books/index.html.erb:2
  Rendered books/index.html.erb within layouts/application (2.4ms)
Completed 200 OK in 43ms (Views: 35.6ms | ActiveRecord: 0.5ms)


Started GET "/books/new" for 127.0.0.1 at 2019-01-17 09:19:02 +1100
Processing by BooksController#new as HTML
  Rendering books/new.html.erb within layouts/application
  [1m[35m (0.6ms)[0m  [1m[34mSELECT "authors"."name", "authors"."id" FROM "authors"[0m
  ↳ app/views/books/_form.html.erb:7
  Rendered books/_form.html.erb (6.1ms)
  Rendered books/new.html.erb within layouts/application (11.3ms)
Completed 200 OK in 49ms (Views: 41.6ms | ActiveRecord: 0.6ms)


Started GET "/books" for 127.0.0.1 at 2019-01-17 09:19:02 +1100
Processing by BooksController#index as HTML
  Rendering books/index.html.erb within layouts/application
  [1m[36mBook Load (0.6ms)[0m  [1m[34mSELECT "books".* FROM "books"[0m
  ↳ app/views/books/index.html.erb:2
  Rendered books/index.html.erb within layouts/application (2.6ms)
Completed 200 OK in 33ms (Views: 26.6ms | ActiveRecord: 0.6ms)


Started GET "/authors/new" for 127.0.0.1 at 2019-01-17 09:19:04 +1100
Processing by AuthorsController#new as HTML
  Rendering authors/new.html.erb within layouts/application
  Rendered authors/_form.html.erb (3.2ms)
  Rendered authors/new.html.erb within layouts/application (9.1ms)
Completed 200 OK in 51ms (Views: 43.0ms | ActiveRecord: 0.0ms)


Started GET "/authors" for 127.0.0.1 at 2019-01-17 09:19:05 +1100
Processing by AuthorsController#index as HTML
  Rendering authors/index.html.erb within layouts/application
  [1m[36mAuthor Load (0.5ms)[0m  [1m[34mSELECT "authors".* FROM "authors"[0m
  ↳ app/views/authors/index.html.erb:2
  Rendered authors/index.html.erb within layouts/application (2.9ms)
Completed 200 OK in 35ms (Views: 27.4ms | ActiveRecord: 0.5ms)


Started GET "/authors/3" for 127.0.0.1 at 2019-01-17 09:19:06 +1100
Processing by AuthorsController#show as HTML
  Parameters: {"id"=>"3"}
  [1m[36mAuthor Load (3.9ms)[0m  [1m[34mSELECT  "authors".* FROM "authors" WHERE "authors"."id" = $1 LIMIT $2[0m  [["id", 3], ["LIMIT", 1]]
  ↳ app/controllers/authors_controller.rb:7
  Rendering authors/show.html.erb within layouts/application
  [1m[36mBook Load (0.5ms)[0m  [1m[34mSELECT "books".* FROM "books" WHERE "books"."author_id" = $1[0m  [["author_id", 3]]
  ↳ app/views/authors/show.html.erb:9
  Rendered authors/show.html.erb within layouts/application (5.1ms)
Completed 200 OK in 42ms (Views: 30.5ms | ActiveRecord: 4.4ms)


Started GET "/authors" for 127.0.0.1 at 2019-01-17 09:19:08 +1100
Processing by AuthorsController#index as HTML
  Rendering authors/index.html.erb within layouts/application
  [1m[36mAuthor Load (0.4ms)[0m  [1m[34mSELECT "authors".* FROM "authors"[0m
  ↳ app/views/authors/index.html.erb:2
  Rendered authors/index.html.erb within layouts/application (2.7ms)
Completed 200 OK in 43ms (Views: 35.4ms | ActiveRecord: 0.4ms)


Started GET "/authors/2" for 127.0.0.1 at 2019-01-17 09:19:10 +1100
Processing by AuthorsController#show as HTML
  Parameters: {"id"=>"2"}
  [1m[36mAuthor Load (1.4ms)[0m  [1m[34mSELECT  "authors".* FROM "authors" WHERE "authors"."id" = $1 LIMIT $2[0m  [["id", 2], ["LIMIT", 1]]
  ↳ app/controllers/authors_controller.rb:7
  Rendering authors/show.html.erb within layouts/application
  [1m[36mBook Load (0.4ms)[0m  [1m[34mSELECT "books".* FROM "books" WHERE "books"."author_id" = $1[0m  [["author_id", 2]]
  ↳ app/views/authors/show.html.erb:9
  Rendered authors/show.html.erb within layouts/application (2.8ms)
Completed 200 OK in 33ms (Views: 24.6ms | ActiveRecord: 1.9ms)


Started GET "/authors" for 127.0.0.1 at 2019-01-17 09:19:12 +1100
Processing by AuthorsController#index as HTML
  Rendering authors/index.html.erb within layouts/application
  [1m[36mAuthor Load (0.5ms)[0m  [1m[34mSELECT "authors".* FROM "authors"[0m
  ↳ app/views/authors/index.html.erb:2
  Rendered authors/index.html.erb within layouts/application (2.6ms)
Completed 200 OK in 50ms (Views: 39.3ms | ActiveRecord: 0.5ms)


Started GET "/authors/3" for 127.0.0.1 at 2019-01-17 09:19:15 +1100
Processing by AuthorsController#show as HTML
  Parameters: {"id"=>"3"}
  [1m[36mAuthor Load (4.0ms)[0m  [1m[34mSELECT  "authors".* FROM "authors" WHERE "authors"."id" = $1 LIMIT $2[0m  [["id", 3], ["LIMIT", 1]]
  ↳ app/controllers/authors_controller.rb:7
  Rendering authors/show.html.erb within layouts/application
  [1m[36mBook Load (0.5ms)[0m  [1m[34mSELECT "books".* FROM "books" WHERE "books"."author_id" = $1[0m  [["author_id", 3]]
  ↳ app/views/authors/show.html.erb:9
  Rendered authors/show.html.erb within layouts/application (3.2ms)
Completed 200 OK in 45ms (Views: 32.6ms | ActiveRecord: 4.5ms)


Started GET "/books/2" for 127.0.0.1 at 2019-01-17 09:19:18 +1100
Processing by BooksController#show as HTML
  Parameters: {"id"=>"2"}
  [1m[36mBook Load (11.3ms)[0m  [1m[34mSELECT  "books".* FROM "books" WHERE "books"."id" = $1 LIMIT $2[0m  [["id", 2], ["LIMIT", 1]]
  ↳ app/controllers/books_controller.rb:7
  Rendering books/show.html.erb within layouts/application
  [1m[36mAuthor Load (0.4ms)[0m  [1m[34mSELECT  "authors".* FROM "authors" WHERE "authors"."id" = $1 LIMIT $2[0m  [["id", 3], ["LIMIT", 1]]
  ↳ app/views/books/show.html.erb:3
  Rendered books/show.html.erb within layouts/application (2.3ms)
Completed 200 OK in 50ms (Views: 30.5ms | ActiveRecord: 11.7ms)


Started GET "/authors" for 127.0.0.1 at 2019-01-17 09:19:21 +1100
Processing by AuthorsController#index as HTML
  Rendering authors/index.html.erb within layouts/application
  [1m[36mAuthor Load (0.4ms)[0m  [1m[34mSELECT "authors".* FROM "authors"[0m
  ↳ app/views/authors/index.html.erb:2
  Rendered authors/index.html.erb within layouts/application (2.3ms)
Completed 200 OK in 42ms (Views: 33.2ms | ActiveRecord: 0.4ms)


Started GET "/authors/new" for 127.0.0.1 at 2019-01-17 09:19:41 +1100
Processing by AuthorsController#new as HTML
  Rendering authors/new.html.erb within layouts/application
  Rendered authors/_form.html.erb (2.8ms)
  Rendered authors/new.html.erb within layouts/application (6.7ms)
Completed 200 OK in 44ms (Views: 37.7ms | ActiveRecord: 0.0ms)


Started GET "/books" for 127.0.0.1 at 2019-01-17 09:19:42 +1100
Processing by BooksController#index as HTML
  Rendering books/index.html.erb within layouts/application
  [1m[36mBook Load (0.6ms)[0m  [1m[34mSELECT "books".* FROM "books"[0m
  ↳ app/views/books/index.html.erb:2
  Rendered books/index.html.erb within layouts/application (2.6ms)
Completed 200 OK in 38ms (Views: 29.3ms | ActiveRecord: 0.6ms)


Started GET "/books/new" for 127.0.0.1 at 2019-01-17 09:19:44 +1100
Processing by BooksController#new as HTML
  Rendering books/new.html.erb within layouts/application
  [1m[35m (0.7ms)[0m  [1m[34mSELECT "authors"."name", "authors"."id" FROM "authors"[0m
  ↳ app/views/books/_form.html.erb:7
  Rendered books/_form.html.erb (5.8ms)
  Rendered books/new.html.erb within layouts/application (10.9ms)
Completed 200 OK in 52ms (Views: 45.0ms | ActiveRecord: 0.7ms)


Started GET "/authors" for 127.0.0.1 at 2019-01-17 09:19:46 +1100
Processing by AuthorsController#index as HTML
  Rendering authors/index.html.erb within layouts/application
  [1m[36mAuthor Load (0.6ms)[0m  [1m[34mSELECT "authors".* FROM "authors"[0m
  ↳ app/views/authors/index.html.erb:2
  Rendered authors/index.html.erb within layouts/application (2.8ms)
Completed 200 OK in 40ms (Views: 31.0ms | ActiveRecord: 0.6ms)


  [1m[35m (1.2ms)[0m  [1m[34mSELECT pg_try_advisory_lock(4488388151780482320)[0m
  ↳ bin/rails:9
  [1m[35m (0.9ms)[0m  [1m[34mSELECT "schema_migrations"."version" FROM "schema_migrations" ORDER BY "schema_migrations"."version" ASC[0m
  ↳ bin/rails:9
  [1m[36mActiveRecord::InternalMetadata Load (1.5ms)[0m  [1m[34mSELECT  "ar_internal_metadata".* FROM "ar_internal_metadata" WHERE "ar_internal_metadata"."key" = $1 LIMIT $2[0m  [["key", "environment"], ["LIMIT", 1]]
  ↳ bin/rails:9
  [1m[35m (0.3ms)[0m  [1m[35mBEGIN[0m
  ↳ bin/rails:9
  [1m[35m (0.2ms)[0m  [1m[35mCOMMIT[0m
  ↳ bin/rails:9
  [1m[35m (0.3ms)[0m  [1m[34mSELECT pg_advisory_unlock(4488388151780482320)[0m
  ↳ bin/rails:9
  [1m[35m (0.4ms)[0m  [1m[34mSELECT "schema_migrations"."version" FROM "schema_migrations" ORDER BY "schema_migrations"."version" ASC[0m
  ↳ bin/rails:9
Started GET "/authors" for 127.0.0.1 at 2019-01-17 09:20:13 +1100
Processing by AuthorsController#index as HTML
  Rendering authors/index.html.erb within layouts/application
  [1m[36mAuthor Load (0.5ms)[0m  [1m[34mSELECT "authors".* FROM "authors"[0m
  ↳ app/views/authors/index.html.erb:2
  Rendered authors/index.html.erb within layouts/application (14.4ms)
Completed 200 OK in 46ms (Views: 34.5ms | ActiveRecord: 6.1ms)


Started GET "/authors" for 127.0.0.1 at 2019-01-17 09:20:14 +1100
Processing by AuthorsController#index as HTML
  Rendering authors/index.html.erb within layouts/application
  [1m[36mAuthor Load (0.5ms)[0m  [1m[34mSELECT "authors".* FROM "authors"[0m
  ↳ app/views/authors/index.html.erb:2
  Rendered authors/index.html.erb within layouts/application (2.3ms)
Completed 200 OK in 31ms (Views: 26.2ms | ActiveRecord: 0.5ms)


Started GET "/authors/new" for 127.0.0.1 at 2019-01-17 09:20:16 +1100
Processing by AuthorsController#new as HTML
  Rendering authors/new.html.erb within layouts/application
  Rendered authors/_form.html.erb (3.3ms)
  Rendered authors/new.html.erb within layouts/application (8.3ms)
Completed 200 OK in 43ms (Views: 36.1ms | ActiveRecord: 0.0ms)


Started GET "/books" for 127.0.0.1 at 2019-01-17 09:20:17 +1100
Processing by BooksController#index as HTML
  Rendering books/index.html.erb within layouts/application
  [1m[36mBook Load (0.5ms)[0m  [1m[34mSELECT "books".* FROM "books"[0m
  ↳ app/views/books/index.html.erb:2
  Rendered books/index.html.erb within layouts/application (12.9ms)
Completed 200 OK in 43ms (Views: 30.1ms | ActiveRecord: 6.0ms)


Started GET "/books/new" for 127.0.0.1 at 2019-01-17 09:20:18 +1100
Processing by BooksController#new as HTML
  Rendering books/new.html.erb within layouts/application
  [1m[35m (0.5ms)[0m  [1m[34mSELECT "authors"."name", "authors"."id" FROM "authors"[0m
  ↳ app/views/books/_form.html.erb:7
  Rendered books/_form.html.erb (4.1ms)
  Rendered books/new.html.erb within layouts/application (7.5ms)
Completed 200 OK in 41ms (Views: 33.4ms | ActiveRecord: 0.5ms)


Started GET "/books" for 127.0.0.1 at 2019-01-17 09:20:18 +1100
Processing by BooksController#index as HTML
  Rendering books/index.html.erb within layouts/application
  [1m[36mBook Load (0.4ms)[0m  [1m[34mSELECT "books".* FROM "books"[0m
  ↳ app/views/books/index.html.erb:2
  Rendered books/index.html.erb within layouts/application (2.8ms)
Completed 200 OK in 40ms (Views: 32.6ms | ActiveRecord: 0.4ms)


Started GET "/books/2" for 127.0.0.1 at 2019-01-17 09:20:22 +1100
Processing by BooksController#show as HTML
  Parameters: {"id"=>"2"}
  [1m[36mBook Load (3.1ms)[0m  [1m[34mSELECT  "books".* FROM "books" WHERE "books"."id" = $1 LIMIT $2[0m  [["id", 2], ["LIMIT", 1]]
  ↳ app/controllers/books_controller.rb:7
  Rendering books/show.html.erb within layouts/application
  [1m[36mAuthor Load (0.4ms)[0m  [1m[34mSELECT  "authors".* FROM "authors" WHERE "authors"."id" = $1 LIMIT $2[0m  [["id", 3], ["LIMIT", 1]]
  ↳ app/views/books/show.html.erb:3
  Rendered books/show.html.erb within layouts/application (4.1ms)
Completed 200 OK in 45ms (Views: 32.6ms | ActiveRecord: 3.5ms)


Started GET "/authors" for 127.0.0.1 at 2019-01-17 09:21:16 +1100
Processing by AuthorsController#index as HTML
  Rendering authors/index.html.erb within layouts/application
  [1m[36mAuthor Load (0.7ms)[0m  [1m[34mSELECT "authors".* FROM "authors"[0m
  ↳ app/views/authors/index.html.erb:2
  Rendered authors/index.html.erb within layouts/application (4.3ms)
Completed 200 OK in 66ms (Views: 59.6ms | ActiveRecord: 0.7ms)


Started GET "/books/new" for 127.0.0.1 at 2019-01-17 09:21:25 +1100
Processing by BooksController#new as HTML
  Rendering books/new.html.erb within layouts/application
  [1m[35m (0.4ms)[0m  [1m[34mSELECT "authors"."name", "authors"."id" FROM "authors"[0m
  ↳ app/views/books/_form.html.erb:7
  Rendered books/_form.html.erb (4.2ms)
  Rendered books/new.html.erb within layouts/application (8.4ms)
Completed 200 OK in 40ms (Views: 34.2ms | ActiveRecord: 0.4ms)


Started GET "/authors/new" for 127.0.0.1 at 2019-01-17 09:21:26 +1100
Processing by AuthorsController#new as HTML
  Rendering authors/new.html.erb within layouts/application
  Rendered authors/_form.html.erb (3.7ms)
  Rendered authors/new.html.erb within layouts/application (8.7ms)
Completed 200 OK in 43ms (Views: 37.3ms | ActiveRecord: 0.0ms)


Started GET "/authors/new" for 127.0.0.1 at 2019-01-17 09:22:17 +1100
Processing by AuthorsController#new as HTML
  Rendering authors/new.html.erb within layouts/application
  Rendered authors/_form.html.erb (3.7ms)
  Rendered authors/new.html.erb within layouts/application (8.8ms)
Completed 200 OK in 48ms (Views: 42.9ms | ActiveRecord: 0.0ms)


Started GET "/authors" for 127.0.0.1 at 2019-01-17 09:22:18 +1100
Processing by AuthorsController#index as HTML
  Rendering authors/index.html.erb within layouts/application
  [1m[36mAuthor Load (1.8ms)[0m  [1m[34mSELECT "authors".* FROM "authors"[0m
  ↳ app/views/authors/index.html.erb:2
  Rendered authors/index.html.erb within layouts/application (6.6ms)
Completed 200 OK in 66ms (Views: 58.0ms | ActiveRecord: 1.8ms)


Started GET "/authors/new" for 127.0.0.1 at 2019-01-17 09:22:19 +1100
Processing by AuthorsController#new as HTML
  Rendering authors/new.html.erb within layouts/application
  Rendered authors/_form.html.erb (3.3ms)
  Rendered authors/new.html.erb within layouts/application (8.0ms)
Completed 200 OK in 53ms (Views: 44.7ms | ActiveRecord: 0.0ms)


  [1m[35m (1.2ms)[0m  [1m[34mSELECT "schema_migrations"."version" FROM "schema_migrations" ORDER BY "schema_migrations"."version" ASC[0m
  ↳ bin/rails:9
  [1m[36mAuthor Load (0.9ms)[0m  [1m[34mSELECT "authors".* FROM "authors"[0m
  ↳ db/seeds.rb:9
  [1m[35m (0.4ms)[0m  [1m[35mBEGIN[0m
  ↳ db/seeds.rb:9
  [1m[36mAuthor Destroy (7.3ms)[0m  [1m[31mDELETE FROM "authors" WHERE "authors"."id" = $1[0m  [["id", 2]]
  ↳ db/seeds.rb:9
  [1m[35m (0.6ms)[0m  [1m[35mCOMMIT[0m
  ↳ db/seeds.rb:9
  [1m[35m (0.1ms)[0m  [1m[35mBEGIN[0m
  ↳ db/seeds.rb:9
  [1m[36mAuthor Destroy (0.5ms)[0m  [1m[31mDELETE FROM "authors" WHERE "authors"."id" = $1[0m  [["id", 3]]
  ↳ db/seeds.rb:9
  [1m[35m (0.4ms)[0m  [1m[35mCOMMIT[0m
  ↳ db/seeds.rb:9
  [1m[35m (0.2ms)[0m  [1m[35mBEGIN[0m
  ↳ db/seeds.rb:10
  [1m[36mAuthor Create (0.7ms)[0m  [1m[32mINSERT INTO "authors" ("name", "nationality", "dob", "image", "created_at", "updated_at") VALUES ($1, $2, $3, $4, $5, $6) RETURNING "id"[0m  [["name", "Jane Austen"], ["nationality", "British"], ["dob", "1775-12-16"], ["image", "https://upload.wikimedia.org/wikipedia/commons/thumb/c/cc/CassandraAusten-JaneAusten%28c.1810%29_hires.jpg/540px-CassandraAusten-JaneAusten%28c.1810%29_hires.jpg"], ["created_at", "2019-01-16 22:23:43.479174"], ["updated_at", "2019-01-16 22:23:43.479174"]]
  ↳ db/seeds.rb:10
  [1m[35m (0.4ms)[0m  [1m[35mCOMMIT[0m
  ↳ db/seeds.rb:10
  [1m[36mBook Load (1.0ms)[0m  [1m[34mSELECT "books".* FROM "books"[0m
  ↳ db/seeds.rb:13
  [1m[35m (0.3ms)[0m  [1m[35mBEGIN[0m
  ↳ db/seeds.rb:13
  [1m[36mBook Destroy (0.4ms)[0m  [1m[31mDELETE FROM "books" WHERE "books"."id" = $1[0m  [["id", 1]]
  ↳ db/seeds.rb:13
  [1m[35m (0.4ms)[0m  [1m[35mCOMMIT[0m
  ↳ db/seeds.rb:13
  [1m[35m (0.2ms)[0m  [1m[35mBEGIN[0m
  ↳ db/seeds.rb:13
  [1m[36mBook Destroy (0.5ms)[0m  [1m[31mDELETE FROM "books" WHERE "books"."id" = $1[0m  [["id", 2]]
  ↳ db/seeds.rb:13
  [1m[35m (0.4ms)[0m  [1m[35mCOMMIT[0m
  ↳ db/seeds.rb:13
  [1m[35m (0.2ms)[0m  [1m[35mBEGIN[0m
  ↳ db/seeds.rb:14
  [1m[36mBook Create (0.5ms)[0m  [1m[32mINSERT INTO "books" ("name", "image", "created_at", "updated_at") VALUES ($1, $2, $3, $4) RETURNING "id"[0m  [["name", "Pride and Prejudice"], ["image", "https://upload.wikimedia.org/wikipedia/commons/thumb/1/17/PrideAndPrejudiceTitlePage.jpg/600px-PrideAndPrejudiceTitlePage.jpg"], ["created_at", "2019-01-16 22:23:43.502229"], ["updated_at", "2019-01-16 22:23:43.502229"]]
  ↳ db/seeds.rb:14
  [1m[35m (0.4ms)[0m  [1m[35mCOMMIT[0m
  ↳ db/seeds.rb:14
Started GET "/authors/new" for 127.0.0.1 at 2019-01-17 09:23:46 +1100
Processing by AuthorsController#new as HTML
  Rendering authors/new.html.erb within layouts/application
  Rendered authors/_form.html.erb (2.8ms)
  Rendered authors/new.html.erb within layouts/application (6.8ms)
Completed 200 OK in 44ms (Views: 39.8ms | ActiveRecord: 0.0ms)


Started GET "/books" for 127.0.0.1 at 2019-01-17 09:23:48 +1100
Processing by BooksController#index as HTML
  Rendering books/index.html.erb within layouts/application
  [1m[36mBook Load (0.5ms)[0m  [1m[34mSELECT "books".* FROM "books"[0m
  ↳ app/views/books/index.html.erb:2
  Rendered books/index.html.erb within layouts/application (2.3ms)
Completed 200 OK in 38ms (Views: 31.1ms | ActiveRecord: 0.5ms)


Started GET "/books/3" for 127.0.0.1 at 2019-01-17 09:23:51 +1100
Processing by BooksController#show as HTML
  Parameters: {"id"=>"3"}
  [1m[36mBook Load (1.9ms)[0m  [1m[34mSELECT  "books".* FROM "books" WHERE "books"."id" = $1 LIMIT $2[0m  [["id", 3], ["LIMIT", 1]]
  ↳ app/controllers/books_controller.rb:7
  Rendering books/show.html.erb within layouts/application
  Rendered books/show.html.erb within layouts/application (1.1ms)
Completed 200 OK in 38ms (Views: 29.0ms | ActiveRecord: 1.9ms)


Started GET "/authors" for 127.0.0.1 at 2019-01-17 09:23:54 +1100
Processing by AuthorsController#index as HTML
  Rendering authors/index.html.erb within layouts/application
  [1m[36mAuthor Load (0.6ms)[0m  [1m[34mSELECT "authors".* FROM "authors"[0m
  ↳ app/views/authors/index.html.erb:2
  Rendered authors/index.html.erb within layouts/application (2.8ms)
Completed 200 OK in 38ms (Views: 30.6ms | ActiveRecord: 0.6ms)


Started GET "/books" for 127.0.0.1 at 2019-01-17 09:24:02 +1100
Processing by BooksController#index as HTML
  Rendering books/index.html.erb within layouts/application
  [1m[36mBook Load (0.6ms)[0m  [1m[34mSELECT "books".* FROM "books"[0m
  ↳ app/views/books/index.html.erb:2
  Rendered books/index.html.erb within layouts/application (2.3ms)
Completed 200 OK in 40ms (Views: 33.1ms | ActiveRecord: 0.6ms)


Started GET "/authors" for 127.0.0.1 at 2019-01-17 09:24:07 +1100
Processing by AuthorsController#index as HTML
  Rendering authors/index.html.erb within layouts/application
  [1m[36mAuthor Load (0.5ms)[0m  [1m[34mSELECT "authors".* FROM "authors"[0m
  ↳ app/views/authors/index.html.erb:2
  Rendered authors/index.html.erb within layouts/application (2.4ms)
Completed 200 OK in 40ms (Views: 32.0ms | ActiveRecord: 0.5ms)


Started GET "/authors/4" for 127.0.0.1 at 2019-01-17 09:24:09 +1100
Processing by AuthorsController#show as HTML
  Parameters: {"id"=>"4"}
  [1m[36mAuthor Load (0.8ms)[0m  [1m[34mSELECT  "authors".* FROM "authors" WHERE "authors"."id" = $1 LIMIT $2[0m  [["id", 4], ["LIMIT", 1]]
  ↳ app/controllers/authors_controller.rb:7
  Rendering authors/show.html.erb within layouts/application
  [1m[36mBook Load (0.4ms)[0m  [1m[34mSELECT "books".* FROM "books" WHERE "books"."author_id" = $1[0m  [["author_id", 4]]
  ↳ app/views/authors/show.html.erb:9
  Rendered authors/show.html.erb within layouts/application (7.6ms)
Completed 200 OK in 44ms (Views: 35.2ms | ActiveRecord: 1.3ms)


Started GET "/books/new" for 127.0.0.1 at 2019-01-17 09:24:14 +1100
Processing by BooksController#new as HTML
  Rendering books/new.html.erb within layouts/application
  [1m[35m (0.4ms)[0m  [1m[34mSELECT "authors"."name", "authors"."id" FROM "authors"[0m
  ↳ app/views/books/_form.html.erb:7
  Rendered books/_form.html.erb (4.6ms)
  Rendered books/new.html.erb within layouts/application (8.0ms)
Completed 200 OK in 42ms (Views: 36.0ms | ActiveRecord: 0.4ms)


Started POST "/books" for 127.0.0.1 at 2019-01-17 09:25:16 +1100
Processing by BooksController#create as HTML
  Parameters: {"utf8"=>"✓", "authenticity_token"=>"C0MIRwK/6+jq0NAygscpaECBeX53GKXA2QW2K1YvZBBaQo3izy66Me7vZx7m/W9v/WoLyEP/JEs8lVkbMdfhpA==", "book"=>{"name"=>"Emma", "image"=>"https://upload.wikimedia.org/wikipedia/commons/thumb/f/f2/EmmaTitlePage.jpg/600px-EmmaTitlePage.jpg", "author_id"=>"4"}, "commit"=>"Create Book"}
  [1m[35m (0.2ms)[0m  [1m[35mBEGIN[0m
  ↳ app/controllers/books_controller.rb:15
  [1m[36mBook Create (0.9ms)[0m  [1m[32mINSERT INTO "books" ("name", "image", "created_at", "updated_at", "author_id") VALUES ($1, $2, $3, $4, $5) RETURNING "id"[0m  [["name", "Emma"], ["image", "https://upload.wikimedia.org/wikipedia/commons/thumb/f/f2/EmmaTitlePage.jpg/600px-EmmaTitlePage.jpg"], ["created_at", "2019-01-16 22:25:16.679867"], ["updated_at", "2019-01-16 22:25:16.679867"], ["author_id", 4]]
  ↳ app/controllers/books_controller.rb:15
  [1m[35m (0.5ms)[0m  [1m[35mCOMMIT[0m
  ↳ app/controllers/books_controller.rb:15
Redirected to http://localhost:3000/books/4
Completed 302 Found in 6ms (ActiveRecord: 1.6ms)


Started GET "/books/4" for 127.0.0.1 at 2019-01-17 09:25:16 +1100
Processing by BooksController#show as HTML
  Parameters: {"id"=>"4"}
  [1m[36mBook Load (0.4ms)[0m  [1m[34mSELECT  "books".* FROM "books" WHERE "books"."id" = $1 LIMIT $2[0m  [["id", 4], ["LIMIT", 1]]
  ↳ app/controllers/books_controller.rb:7
  Rendering books/show.html.erb within layouts/application
  [1m[36mAuthor Load (0.3ms)[0m  [1m[34mSELECT  "authors".* FROM "authors" WHERE "authors"."id" = $1 LIMIT $2[0m  [["id", 4], ["LIMIT", 1]]
  ↳ app/views/books/show.html.erb:3
  Rendered books/show.html.erb within layouts/application (2.7ms)
Completed 200 OK in 49ms (Views: 42.8ms | ActiveRecord: 0.7ms)


Started GET "/authors" for 127.0.0.1 at 2019-01-17 09:25:19 +1100
Processing by AuthorsController#index as HTML
  Rendering authors/index.html.erb within layouts/application
  [1m[36mAuthor Load (0.4ms)[0m  [1m[34mSELECT "authors".* FROM "authors"[0m
  ↳ app/views/authors/index.html.erb:2
  Rendered authors/index.html.erb within layouts/application (2.2ms)
Completed 200 OK in 41ms (Views: 33.2ms | ActiveRecord: 0.4ms)


Started GET "/authors/4" for 127.0.0.1 at 2019-01-17 09:25:20 +1100
Processing by AuthorsController#show as HTML
  Parameters: {"id"=>"4"}
  [1m[36mAuthor Load (6.4ms)[0m  [1m[34mSELECT  "authors".* FROM "authors" WHERE "authors"."id" = $1 LIMIT $2[0m  [["id", 4], ["LIMIT", 1]]
  ↳ app/controllers/authors_controller.rb:7
  Rendering authors/show.html.erb within layouts/application
  [1m[36mBook Load (0.4ms)[0m  [1m[34mSELECT "books".* FROM "books" WHERE "books"."author_id" = $1[0m  [["author_id", 4]]
  ↳ app/views/authors/show.html.erb:9
  Rendered authors/show.html.erb within layouts/application (2.6ms)
Completed 200 OK in 46ms (Views: 32.2ms | ActiveRecord: 6.9ms)


Started GET "/books" for 127.0.0.1 at 2019-01-17 09:25:26 +1100
Processing by BooksController#index as HTML
  Rendering books/index.html.erb within layouts/application
  [1m[36mBook Load (0.6ms)[0m  [1m[34mSELECT "books".* FROM "books"[0m
  ↳ app/views/books/index.html.erb:2
  Rendered books/index.html.erb within layouts/application (3.0ms)
Completed 200 OK in 40ms (Views: 32.1ms | ActiveRecord: 0.6ms)


Started GET "/books/3" for 127.0.0.1 at 2019-01-17 09:25:38 +1100
Processing by BooksController#show as HTML
  Parameters: {"id"=>"3"}
  [1m[36mBook Load (1.3ms)[0m  [1m[34mSELECT  "books".* FROM "books" WHERE "books"."id" = $1 LIMIT $2[0m  [["id", 3], ["LIMIT", 1]]
  ↳ app/controllers/books_controller.rb:7
  Rendering books/show.html.erb within layouts/application
  Rendered books/show.html.erb within layouts/application (1.5ms)
Completed 200 OK in 44ms (Views: 35.1ms | ActiveRecord: 1.3ms)


Started GET "/books/3/edit" for 127.0.0.1 at 2019-01-17 09:25:40 +1100
Processing by BooksController#edit as HTML
  Parameters: {"id"=>"3"}
  [1m[36mBook Load (0.5ms)[0m  [1m[34mSELECT  "books".* FROM "books" WHERE "books"."id" = $1 LIMIT $2[0m  [["id", 3], ["LIMIT", 1]]
  ↳ app/controllers/books_controller.rb:20
  Rendering books/edit.html.erb within layouts/application
  [1m[35m (0.4ms)[0m  [1m[34mSELECT "authors"."name", "authors"."id" FROM "authors"[0m
  ↳ app/views/books/_form.html.erb:7
  Rendered books/_form.html.erb (3.8ms)
  Rendered books/edit.html.erb within layouts/application (8.8ms)
Completed 200 OK in 47ms (Views: 35.9ms | ActiveRecord: 0.9ms)


Started PATCH "/books/3" for 127.0.0.1 at 2019-01-17 09:25:44 +1100
Processing by BooksController#update as HTML
  Parameters: {"utf8"=>"✓", "authenticity_token"=>"TsxfPP+2HWoPa4OxowxdMLjSq5Qs3zuS1kOUgCCTpty2BkmOHXWxiTPw3XMPUj4VefRDvqCVWl7pbRw7WsNe1Q==", "book"=>{"name"=>"Pride and Prejudice", "image"=>"https://upload.wikimedia.org/wikipedia/commons/thumb/1/17/PrideAndPrejudiceTitlePage.jpg/600px-PrideAndPrejudiceTitlePage.jpg", "author_id"=>"4"}, "commit"=>"Update Book", "id"=>"3"}
  [1m[36mBook Load (0.3ms)[0m  [1m[34mSELECT  "books".* FROM "books" WHERE "books"."id" = $1 LIMIT $2[0m  [["id", 3], ["LIMIT", 1]]
  ↳ app/controllers/books_controller.rb:24
  [1m[35m (0.1ms)[0m  [1m[35mBEGIN[0m
  ↳ app/controllers/books_controller.rb:25
  [1m[36mBook Update (7.9ms)[0m  [1m[33mUPDATE "books" SET "author_id" = $1, "updated_at" = $2 WHERE "books"."id" = $3[0m  [["author_id", 4], ["updated_at", "2019-01-16 22:25:44.807308"], ["id", 3]]
  ↳ app/controllers/books_controller.rb:25
  [1m[35m (0.4ms)[0m  [1m[35mCOMMIT[0m
  ↳ app/controllers/books_controller.rb:25
Redirected to http://localhost:3000/books/3
Completed 302 Found in 16ms (ActiveRecord: 8.8ms)


Started GET "/books/3" for 127.0.0.1 at 2019-01-17 09:25:44 +1100
Processing by BooksController#show as HTML
  Parameters: {"id"=>"3"}
  [1m[36mBook Load (0.3ms)[0m  [1m[34mSELECT  "books".* FROM "books" WHERE "books"."id" = $1 LIMIT $2[0m  [["id", 3], ["LIMIT", 1]]
  ↳ app/controllers/books_controller.rb:7
  Rendering books/show.html.erb within layouts/application
  [1m[36mAuthor Load (0.4ms)[0m  [1m[34mSELECT  "authors".* FROM "authors" WHERE "authors"."id" = $1 LIMIT $2[0m  [["id", 4], ["LIMIT", 1]]
  ↳ app/views/books/show.html.erb:3
  Rendered books/show.html.erb within layouts/application (2.7ms)
Completed 200 OK in 37ms (Views: 30.6ms | ActiveRecord: 0.7ms)


Started GET "/authors" for 127.0.0.1 at 2019-01-17 09:25:49 +1100
Processing by AuthorsController#index as HTML
  Rendering authors/index.html.erb within layouts/application
  [1m[36mAuthor Load (0.6ms)[0m  [1m[34mSELECT "authors".* FROM "authors"[0m
  ↳ app/views/authors/index.html.erb:2
  Rendered authors/index.html.erb within layouts/application (3.5ms)
Completed 200 OK in 44ms (Views: 35.6ms | ActiveRecord: 0.6ms)


Started GET "/authors/4" for 127.0.0.1 at 2019-01-17 09:25:51 +1100
Processing by AuthorsController#show as HTML
  Parameters: {"id"=>"4"}
  [1m[36mAuthor Load (9.0ms)[0m  [1m[34mSELECT  "authors".* FROM "authors" WHERE "authors"."id" = $1 LIMIT $2[0m  [["id", 4], ["LIMIT", 1]]
  ↳ app/controllers/authors_controller.rb:7
  Rendering authors/show.html.erb within layouts/application
  [1m[36mBook Load (0.3ms)[0m  [1m[34mSELECT "books".* FROM "books" WHERE "books"."author_id" = $1[0m  [["author_id", 4]]
  ↳ app/views/authors/show.html.erb:9
  Rendered authors/show.html.erb within layouts/application (3.4ms)
Completed 200 OK in 43ms (Views: 26.9ms | ActiveRecord: 9.2ms)


Started GET "/books" for 127.0.0.1 at 2019-01-17 09:25:57 +1100
Processing by BooksController#index as HTML
  Rendering books/index.html.erb within layouts/application
  [1m[36mBook Load (0.8ms)[0m  [1m[34mSELECT "books".* FROM "books"[0m
  ↳ app/views/books/index.html.erb:2
  Rendered books/index.html.erb within layouts/application (3.1ms)
Completed 200 OK in 39ms (Views: 30.5ms | ActiveRecord: 0.8ms)


