Started GET "/" for 127.0.0.1 at 2019-01-16 07:48:15 +1100
Processing by MountainsController#index as HTML
Completed 500 Internal Server Error in 37ms (ActiveRecord: 0.0ms)


  
NoMethodError (undefined method `all' for Mountains:Module):
  
app/controllers/mountains_controller.rb:3:in `index'
Started PUT "/__web_console/repl_sessions/cfe6ed669fb3e8c803273b32b9f1efcc" for 127.0.0.1 at 2019-01-16 07:51:33 +1100
Started PUT "/__web_console/repl_sessions/cfe6ed669fb3e8c803273b32b9f1efcc" for 127.0.0.1 at 2019-01-16 07:51:34 +1100
Started PUT "/__web_console/repl_sessions/cfe6ed669fb3e8c803273b32b9f1efcc" for 127.0.0.1 at 2019-01-16 07:51:39 +1100
Started PUT "/__web_console/repl_sessions/cfe6ed669fb3e8c803273b32b9f1efcc" for 127.0.0.1 at 2019-01-16 07:51:40 +1100
Started PUT "/__web_console/repl_sessions/cfe6ed669fb3e8c803273b32b9f1efcc" for 127.0.0.1 at 2019-01-16 07:52:58 +1100
Started PUT "/__web_console/repl_sessions/cfe6ed669fb3e8c803273b32b9f1efcc" for 127.0.0.1 at 2019-01-16 07:53:01 +1100
Started PUT "/__web_console/repl_sessions/cfe6ed669fb3e8c803273b32b9f1efcc" for 127.0.0.1 at 2019-01-16 07:53:03 +1100
Started PUT "/__web_console/repl_sessions/cfe6ed669fb3e8c803273b32b9f1efcc" for 127.0.0.1 at 2019-01-16 07:58:07 +1100
Started PUT "/__web_console/repl_sessions/cfe6ed669fb3e8c803273b32b9f1efcc" for 127.0.0.1 at 2019-01-16 07:58:12 +1100
Started PUT "/__web_console/repl_sessions/cfe6ed669fb3e8c803273b32b9f1efcc" for 127.0.0.1 at 2019-01-16 07:58:13 +1100
Started PUT "/__web_console/repl_sessions/cfe6ed669fb3e8c803273b32b9f1efcc" for 127.0.0.1 at 2019-01-16 07:58:14 +1100
Started PUT "/__web_console/repl_sessions/cfe6ed669fb3e8c803273b32b9f1efcc" for 127.0.0.1 at 2019-01-16 07:58:15 +1100
Started PUT "/__web_console/repl_sessions/cfe6ed669fb3e8c803273b32b9f1efcc" for 127.0.0.1 at 2019-01-16 07:58:18 +1100
Started PUT "/__web_console/repl_sessions/cfe6ed669fb3e8c803273b32b9f1efcc" for 127.0.0.1 at 2019-01-16 07:58:19 +1100
Started PUT "/__web_console/repl_sessions/cfe6ed669fb3e8c803273b32b9f1efcc" for 127.0.0.1 at 2019-01-16 07:58:26 +1100
Started PUT "/__web_console/repl_sessions/cfe6ed669fb3e8c803273b32b9f1efcc" for 127.0.0.1 at 2019-01-16 07:58:28 +1100
Started PUT "/__web_console/repl_sessions/cfe6ed669fb3e8c803273b32b9f1efcc" for 127.0.0.1 at 2019-01-16 07:58:29 +1100
Started PUT "/__web_console/repl_sessions/cfe6ed669fb3e8c803273b32b9f1efcc" for 127.0.0.1 at 2019-01-16 07:58:34 +1100
Started PUT "/__web_console/repl_sessions/cfe6ed669fb3e8c803273b32b9f1efcc" for 127.0.0.1 at 2019-01-16 07:58:36 +1100
Started PUT "/__web_console/repl_sessions/cfe6ed669fb3e8c803273b32b9f1efcc" for 127.0.0.1 at 2019-01-16 07:58:40 +1100
Started PUT "/__web_console/repl_sessions/cfe6ed669fb3e8c803273b32b9f1efcc" for 127.0.0.1 at 2019-01-16 07:58:44 +1100
Started PUT "/__web_console/repl_sessions/cfe6ed669fb3e8c803273b32b9f1efcc" for 127.0.0.1 at 2019-01-16 07:58:46 +1100
Started PUT "/__web_console/repl_sessions/cfe6ed669fb3e8c803273b32b9f1efcc" for 127.0.0.1 at 2019-01-16 07:58:48 +1100
Started GET "/" for 127.0.0.1 at 2019-01-16 08:01:19 +1100
  
ActionController::RoutingError (uninitialized constant ApplicationController::Base):
  
app/controllers/mountains_controller.rb:1:in `<main>'
Started GET "/" for 127.0.0.1 at 2019-01-16 08:01:38 +1100
  
TypeError (superclass must be a Class (Module given)):
  
app/controllers/mountains_controller.rb:1:in `<main>'
Started GET "/" for 127.0.0.1 at 2019-01-16 08:01:56 +1100
  
NoMethodError (undefined method `make_response!' for MountainsController(Table doesn't exist):Class):
  
activerecord (5.2.2) lib/active_record/dynamic_matchers.rb:22:in `method_missing'
actionpack (5.2.2) lib/action_dispatch/routing/route_set.rb:33:in `serve'
actionpack (5.2.2) lib/action_dispatch/journey/router.rb:52:in `block in serve'
actionpack (5.2.2) lib/action_dispatch/journey/router.rb:35:in `each'
actionpack (5.2.2) lib/action_dispatch/journey/router.rb:35:in `serve'
actionpack (5.2.2) lib/action_dispatch/routing/route_set.rb:840:in `call'
rack (2.0.6) lib/rack/tempfile_reaper.rb:15:in `call'
rack (2.0.6) lib/rack/etag.rb:25:in `call'
rack (2.0.6) lib/rack/conditional_get.rb:25:in `call'
rack (2.0.6) lib/rack/head.rb:12:in `call'
actionpack (5.2.2) lib/action_dispatch/http/content_security_policy.rb:18:in `call'
rack (2.0.6) lib/rack/session/abstract/id.rb:232:in `context'
rack (2.0.6) lib/rack/session/abstract/id.rb:226:in `call'
actionpack (5.2.2) lib/action_dispatch/middleware/cookies.rb:670:in `call'
activerecord (5.2.2) lib/active_record/migration.rb:559:in `call'
actionpack (5.2.2) lib/action_dispatch/middleware/callbacks.rb:28:in `block in call'
activesupport (5.2.2) lib/active_support/callbacks.rb:98:in `run_callbacks'
actionpack (5.2.2) lib/action_dispatch/middleware/callbacks.rb:26:in `call'
actionpack (5.2.2) lib/action_dispatch/middleware/executor.rb:14:in `call'
actionpack (5.2.2) lib/action_dispatch/middleware/debug_exceptions.rb:61:in `call'
web-console (3.7.0) lib/web_console/middleware.rb:135:in `call_app'
web-console (3.7.0) lib/web_console/middleware.rb:30:in `block in call'
web-console (3.7.0) lib/web_console/middleware.rb:20:in `catch'
web-console (3.7.0) lib/web_console/middleware.rb:20:in `call'
actionpack (5.2.2) lib/action_dispatch/middleware/show_exceptions.rb:33:in `call'
railties (5.2.2) lib/rails/rack/logger.rb:38:in `call_app'
railties (5.2.2) lib/rails/rack/logger.rb:26:in `block in call'
activesupport (5.2.2) lib/active_support/tagged_logging.rb:71:in `block in tagged'
activesupport (5.2.2) lib/active_support/tagged_logging.rb:28:in `tagged'
activesupport (5.2.2) lib/active_support/tagged_logging.rb:71:in `tagged'
railties (5.2.2) lib/rails/rack/logger.rb:26:in `call'
sprockets-rails (3.2.1) lib/sprockets/rails/quiet_assets.rb:13:in `call'
actionpack (5.2.2) lib/action_dispatch/middleware/remote_ip.rb:81:in `call'
actionpack (5.2.2) lib/action_dispatch/middleware/request_id.rb:27:in `call'
rack (2.0.6) lib/rack/method_override.rb:22:in `call'
rack (2.0.6) lib/rack/runtime.rb:22:in `call'
activesupport (5.2.2) lib/active_support/cache/strategy/local_cache_middleware.rb:29:in `call'
actionpack (5.2.2) lib/action_dispatch/middleware/executor.rb:14:in `call'
actionpack (5.2.2) lib/action_dispatch/middleware/static.rb:127:in `call'
rack (2.0.6) lib/rack/sendfile.rb:111:in `call'
railties (5.2.2) lib/rails/engine.rb:524:in `call'
puma (3.12.0) lib/puma/configuration.rb:225:in `call'
puma (3.12.0) lib/puma/server.rb:658:in `handle_request'
puma (3.12.0) lib/puma/server.rb:472:in `process_client'
puma (3.12.0) lib/puma/server.rb:332:in `block in run'
puma (3.12.0) lib/puma/thread_pool.rb:133:in `block in spawn_thread'
Started GET "/" for 127.0.0.1 at 2019-01-16 08:02:57 +1100
Processing by MountainsController#index as HTML
Completed 500 Internal Server Error in 1ms (ActiveRecord: 0.0ms)


  
NoMethodError (undefined method `all' for Mountains:Module):
  
app/controllers/mountains_controller.rb:3:in `index'
Started GET "/" for 127.0.0.1 at 2019-01-16 08:15:16 +1100
Processing by MountainsController#index as HTML
Completed 500 Internal Server Error in 10ms (ActiveRecord: 0.0ms)


  
NoMethodError (undefined method `all' for Mountains:Module):
  
app/controllers/mountains_controller.rb:3:in `index'
Started PUT "/__web_console/repl_sessions/818bc226a26b4a9491c0d370c9651dd3" for 127.0.0.1 at 2019-01-16 08:15:36 +1100
Started PUT "/__web_console/repl_sessions/818bc226a26b4a9491c0d370c9651dd3" for 127.0.0.1 at 2019-01-16 08:15:37 +1100
Started PUT "/__web_console/repl_sessions/818bc226a26b4a9491c0d370c9651dd3" for 127.0.0.1 at 2019-01-16 08:15:52 +1100
Started PUT "/__web_console/repl_sessions/818bc226a26b4a9491c0d370c9651dd3" for 127.0.0.1 at 2019-01-16 08:16:18 +1100
Started PUT "/__web_console/repl_sessions/818bc226a26b4a9491c0d370c9651dd3" for 127.0.0.1 at 2019-01-16 08:16:19 +1100
Started PUT "/__web_console/repl_sessions/818bc226a26b4a9491c0d370c9651dd3" for 127.0.0.1 at 2019-01-16 08:16:19 +1100
Started GET "/" for 127.0.0.1 at 2019-01-16 08:21:18 +1100
Processing by MountainsController#index as HTML
Completed 500 Internal Server Error in 2ms (ActiveRecord: 0.0ms)


  
NoMethodError (undefined method `all' for Mountains:Module):
  
app/controllers/mountains_controller.rb:3:in `index'
Started GET "/" for 127.0.0.1 at 2019-01-16 08:21:40 +1100
Processing by MountainsController#index as HTML
Completed 500 Internal Server Error in 2ms (ActiveRecord: 0.0ms)


  
NoMethodError (undefined method `all' for Mountains:Module):
  
app/controllers/mountains_controller.rb:3:in `index'
Started GET "/" for 127.0.0.1 at 2019-01-16 08:21:41 +1100
Processing by MountainsController#index as HTML
Completed 500 Internal Server Error in 3ms (ActiveRecord: 0.0ms)


  
NoMethodError (undefined method `all' for Mountains:Module):
  
app/controllers/mountains_controller.rb:3:in `index'
Started GET "/" for 127.0.0.1 at 2019-01-16 08:25:05 +1100
Processing by MountainsController#index as HTML
  Rendering mountains/index.html.erb within layouts/application
  Rendered mountains/index.html.erb within layouts/application (0.4ms)
Completed 200 OK in 608ms (Views: 556.8ms | ActiveRecord: 0.0ms)


Started GET "/" for 127.0.0.1 at 2019-01-16 08:25:11 +1100
Processing by MountainsController#index as HTML
  Rendering mountains/index.html.erb within layouts/application
  Rendered mountains/index.html.erb within layouts/application (0.4ms)
Completed 200 OK in 31ms (Views: 26.8ms | ActiveRecord: 0.0ms)


Started GET "/mountains" for 127.0.0.1 at 2019-01-16 08:25:12 +1100
  
ActionController::RoutingError (No route matches [GET] "/mountains"):
  
actionpack (5.2.2) lib/action_dispatch/middleware/debug_exceptions.rb:65:in `call'
web-console (3.7.0) lib/web_console/middleware.rb:135:in `call_app'
web-console (3.7.0) lib/web_console/middleware.rb:30:in `block in call'
web-console (3.7.0) lib/web_console/middleware.rb:20:in `catch'
web-console (3.7.0) lib/web_console/middleware.rb:20:in `call'
actionpack (5.2.2) lib/action_dispatch/middleware/show_exceptions.rb:33:in `call'
railties (5.2.2) lib/rails/rack/logger.rb:38:in `call_app'
railties (5.2.2) lib/rails/rack/logger.rb:26:in `block in call'
activesupport (5.2.2) lib/active_support/tagged_logging.rb:71:in `block in tagged'
activesupport (5.2.2) lib/active_support/tagged_logging.rb:28:in `tagged'
activesupport (5.2.2) lib/active_support/tagged_logging.rb:71:in `tagged'
railties (5.2.2) lib/rails/rack/logger.rb:26:in `call'
sprockets-rails (3.2.1) lib/sprockets/rails/quiet_assets.rb:13:in `call'
actionpack (5.2.2) lib/action_dispatch/middleware/remote_ip.rb:81:in `call'
actionpack (5.2.2) lib/action_dispatch/middleware/request_id.rb:27:in `call'
rack (2.0.6) lib/rack/method_override.rb:22:in `call'
rack (2.0.6) lib/rack/runtime.rb:22:in `call'
activesupport (5.2.2) lib/active_support/cache/strategy/local_cache_middleware.rb:29:in `call'
actionpack (5.2.2) lib/action_dispatch/middleware/executor.rb:14:in `call'
actionpack (5.2.2) lib/action_dispatch/middleware/static.rb:127:in `call'
rack (2.0.6) lib/rack/sendfile.rb:111:in `call'
railties (5.2.2) lib/rails/engine.rb:524:in `call'
puma (3.12.0) lib/puma/configuration.rb:225:in `call'
puma (3.12.0) lib/puma/server.rb:658:in `handle_request'
puma (3.12.0) lib/puma/server.rb:472:in `process_client'
puma (3.12.0) lib/puma/server.rb:332:in `block in run'
puma (3.12.0) lib/puma/thread_pool.rb:133:in `block in spawn_thread'
Started GET "/index" for 127.0.0.1 at 2019-01-16 08:27:09 +1100
  
ActionController::RoutingError (No route matches [GET] "/index"):
  
actionpack (5.2.2) lib/action_dispatch/middleware/debug_exceptions.rb:65:in `call'
web-console (3.7.0) lib/web_console/middleware.rb:135:in `call_app'
web-console (3.7.0) lib/web_console/middleware.rb:30:in `block in call'
web-console (3.7.0) lib/web_console/middleware.rb:20:in `catch'
web-console (3.7.0) lib/web_console/middleware.rb:20:in `call'
actionpack (5.2.2) lib/action_dispatch/middleware/show_exceptions.rb:33:in `call'
railties (5.2.2) lib/rails/rack/logger.rb:38:in `call_app'
railties (5.2.2) lib/rails/rack/logger.rb:26:in `block in call'
activesupport (5.2.2) lib/active_support/tagged_logging.rb:71:in `block in tagged'
activesupport (5.2.2) lib/active_support/tagged_logging.rb:28:in `tagged'
activesupport (5.2.2) lib/active_support/tagged_logging.rb:71:in `tagged'
railties (5.2.2) lib/rails/rack/logger.rb:26:in `call'
sprockets-rails (3.2.1) lib/sprockets/rails/quiet_assets.rb:13:in `call'
actionpack (5.2.2) lib/action_dispatch/middleware/remote_ip.rb:81:in `call'
actionpack (5.2.2) lib/action_dispatch/middleware/request_id.rb:27:in `call'
rack (2.0.6) lib/rack/method_override.rb:22:in `call'
rack (2.0.6) lib/rack/runtime.rb:22:in `call'
activesupport (5.2.2) lib/active_support/cache/strategy/local_cache_middleware.rb:29:in `call'
actionpack (5.2.2) lib/action_dispatch/middleware/executor.rb:14:in `call'
actionpack (5.2.2) lib/action_dispatch/middleware/static.rb:127:in `call'
rack (2.0.6) lib/rack/sendfile.rb:111:in `call'
railties (5.2.2) lib/rails/engine.rb:524:in `call'
puma (3.12.0) lib/puma/configuration.rb:225:in `call'
puma (3.12.0) lib/puma/server.rb:658:in `handle_request'
puma (3.12.0) lib/puma/server.rb:472:in `process_client'
puma (3.12.0) lib/puma/server.rb:332:in `block in run'
puma (3.12.0) lib/puma/thread_pool.rb:133:in `block in spawn_thread'
Started GET "/mountains" for 127.0.0.1 at 2019-01-16 08:27:19 +1100
  
ActionController::RoutingError (No route matches [GET] "/mountains"):
  
actionpack (5.2.2) lib/action_dispatch/middleware/debug_exceptions.rb:65:in `call'
web-console (3.7.0) lib/web_console/middleware.rb:135:in `call_app'
web-console (3.7.0) lib/web_console/middleware.rb:30:in `block in call'
web-console (3.7.0) lib/web_console/middleware.rb:20:in `catch'
web-console (3.7.0) lib/web_console/middleware.rb:20:in `call'
actionpack (5.2.2) lib/action_dispatch/middleware/show_exceptions.rb:33:in `call'
railties (5.2.2) lib/rails/rack/logger.rb:38:in `call_app'
railties (5.2.2) lib/rails/rack/logger.rb:26:in `block in call'
activesupport (5.2.2) lib/active_support/tagged_logging.rb:71:in `block in tagged'
activesupport (5.2.2) lib/active_support/tagged_logging.rb:28:in `tagged'
activesupport (5.2.2) lib/active_support/tagged_logging.rb:71:in `tagged'
railties (5.2.2) lib/rails/rack/logger.rb:26:in `call'
sprockets-rails (3.2.1) lib/sprockets/rails/quiet_assets.rb:13:in `call'
actionpack (5.2.2) lib/action_dispatch/middleware/remote_ip.rb:81:in `call'
actionpack (5.2.2) lib/action_dispatch/middleware/request_id.rb:27:in `call'
rack (2.0.6) lib/rack/method_override.rb:22:in `call'
rack (2.0.6) lib/rack/runtime.rb:22:in `call'
activesupport (5.2.2) lib/active_support/cache/strategy/local_cache_middleware.rb:29:in `call'
actionpack (5.2.2) lib/action_dispatch/middleware/executor.rb:14:in `call'
actionpack (5.2.2) lib/action_dispatch/middleware/static.rb:127:in `call'
rack (2.0.6) lib/rack/sendfile.rb:111:in `call'
railties (5.2.2) lib/rails/engine.rb:524:in `call'
puma (3.12.0) lib/puma/configuration.rb:225:in `call'
puma (3.12.0) lib/puma/server.rb:658:in `handle_request'
puma (3.12.0) lib/puma/server.rb:472:in `process_client'
puma (3.12.0) lib/puma/server.rb:332:in `block in run'
puma (3.12.0) lib/puma/thread_pool.rb:133:in `block in spawn_thread'
Started GET "/" for 127.0.0.1 at 2019-01-16 08:48:44 +1100
Processing by MountainsController#index as HTML
  Rendering mountains/index.html.erb within layouts/application
  Rendered mountains/index.html.erb within layouts/application (2.9ms)
Completed 200 OK in 67ms (Views: 56.7ms | ActiveRecord: 0.0ms)


Started GET "/mountains/new" for 127.0.0.1 at 2019-01-16 08:48:46 +1100
Processing by MountainsController#new as HTML
  Rendering mountains/new.html.erb within layouts/application
  Rendered mountains/new.html.erb within layouts/application (0.4ms)
Completed 200 OK in 32ms (Views: 28.8ms | ActiveRecord: 0.0ms)


Started GET "/mountains" for 127.0.0.1 at 2019-01-16 08:48:50 +1100
  
ActionController::RoutingError (No route matches [GET] "/mountains"):
  
actionpack (5.2.2) lib/action_dispatch/middleware/debug_exceptions.rb:65:in `call'
web-console (3.7.0) lib/web_console/middleware.rb:135:in `call_app'
web-console (3.7.0) lib/web_console/middleware.rb:30:in `block in call'
web-console (3.7.0) lib/web_console/middleware.rb:20:in `catch'
web-console (3.7.0) lib/web_console/middleware.rb:20:in `call'
actionpack (5.2.2) lib/action_dispatch/middleware/show_exceptions.rb:33:in `call'
railties (5.2.2) lib/rails/rack/logger.rb:38:in `call_app'
railties (5.2.2) lib/rails/rack/logger.rb:26:in `block in call'
activesupport (5.2.2) lib/active_support/tagged_logging.rb:71:in `block in tagged'
activesupport (5.2.2) lib/active_support/tagged_logging.rb:28:in `tagged'
activesupport (5.2.2) lib/active_support/tagged_logging.rb:71:in `tagged'
railties (5.2.2) lib/rails/rack/logger.rb:26:in `call'
sprockets-rails (3.2.1) lib/sprockets/rails/quiet_assets.rb:13:in `call'
actionpack (5.2.2) lib/action_dispatch/middleware/remote_ip.rb:81:in `call'
actionpack (5.2.2) lib/action_dispatch/middleware/request_id.rb:27:in `call'
rack (2.0.6) lib/rack/method_override.rb:22:in `call'
rack (2.0.6) lib/rack/runtime.rb:22:in `call'
activesupport (5.2.2) lib/active_support/cache/strategy/local_cache_middleware.rb:29:in `call'
actionpack (5.2.2) lib/action_dispatch/middleware/executor.rb:14:in `call'
actionpack (5.2.2) lib/action_dispatch/middleware/static.rb:127:in `call'
rack (2.0.6) lib/rack/sendfile.rb:111:in `call'
railties (5.2.2) lib/rails/engine.rb:524:in `call'
puma (3.12.0) lib/puma/configuration.rb:225:in `call'
puma (3.12.0) lib/puma/server.rb:658:in `handle_request'
puma (3.12.0) lib/puma/server.rb:472:in `process_client'
puma (3.12.0) lib/puma/server.rb:332:in `block in run'
puma (3.12.0) lib/puma/thread_pool.rb:133:in `block in spawn_thread'
Started GET "/mountains/new" for 127.0.0.1 at 2019-01-16 08:48:57 +1100
Processing by MountainsController#new as HTML
  Rendering mountains/new.html.erb within layouts/application
  Rendered mountains/new.html.erb within layouts/application (0.4ms)
Completed 200 OK in 36ms (Views: 32.7ms | ActiveRecord: 0.0ms)


Started GET "/" for 127.0.0.1 at 2019-01-16 08:48:59 +1100
Processing by MountainsController#index as HTML
  Rendering mountains/index.html.erb within layouts/application
  Rendered mountains/index.html.erb within layouts/application (0.6ms)
Completed 200 OK in 53ms (Views: 45.5ms | ActiveRecord: 0.0ms)


Started GET "/mountains/new" for 127.0.0.1 at 2019-01-16 08:49:01 +1100
Processing by MountainsController#new as HTML
  Rendering mountains/new.html.erb within layouts/application
  Rendered mountains/new.html.erb within layouts/application (0.3ms)
Completed 200 OK in 22ms (Views: 19.4ms | ActiveRecord: 0.0ms)


Started GET "/mountains" for 127.0.0.1 at 2019-01-16 08:49:05 +1100
  
ActionController::RoutingError (No route matches [GET] "/mountains"):
  
actionpack (5.2.2) lib/action_dispatch/middleware/debug_exceptions.rb:65:in `call'
web-console (3.7.0) lib/web_console/middleware.rb:135:in `call_app'
web-console (3.7.0) lib/web_console/middleware.rb:30:in `block in call'
web-console (3.7.0) lib/web_console/middleware.rb:20:in `catch'
web-console (3.7.0) lib/web_console/middleware.rb:20:in `call'
actionpack (5.2.2) lib/action_dispatch/middleware/show_exceptions.rb:33:in `call'
railties (5.2.2) lib/rails/rack/logger.rb:38:in `call_app'
railties (5.2.2) lib/rails/rack/logger.rb:26:in `block in call'
activesupport (5.2.2) lib/active_support/tagged_logging.rb:71:in `block in tagged'
activesupport (5.2.2) lib/active_support/tagged_logging.rb:28:in `tagged'
activesupport (5.2.2) lib/active_support/tagged_logging.rb:71:in `tagged'
railties (5.2.2) lib/rails/rack/logger.rb:26:in `call'
sprockets-rails (3.2.1) lib/sprockets/rails/quiet_assets.rb:13:in `call'
actionpack (5.2.2) lib/action_dispatch/middleware/remote_ip.rb:81:in `call'
actionpack (5.2.2) lib/action_dispatch/middleware/request_id.rb:27:in `call'
rack (2.0.6) lib/rack/method_override.rb:22:in `call'
rack (2.0.6) lib/rack/runtime.rb:22:in `call'
activesupport (5.2.2) lib/active_support/cache/strategy/local_cache_middleware.rb:29:in `call'
actionpack (5.2.2) lib/action_dispatch/middleware/executor.rb:14:in `call'
actionpack (5.2.2) lib/action_dispatch/middleware/static.rb:127:in `call'
rack (2.0.6) lib/rack/sendfile.rb:111:in `call'
railties (5.2.2) lib/rails/engine.rb:524:in `call'
puma (3.12.0) lib/puma/configuration.rb:225:in `call'
puma (3.12.0) lib/puma/server.rb:658:in `handle_request'
puma (3.12.0) lib/puma/server.rb:472:in `process_client'
puma (3.12.0) lib/puma/server.rb:332:in `block in run'
puma (3.12.0) lib/puma/thread_pool.rb:133:in `block in spawn_thread'
Started GET "/mountains" for 127.0.0.1 at 2019-01-16 08:50:16 +1100
  
ActionController::RoutingError (No route matches [GET] "/mountains"):
  
actionpack (5.2.2) lib/action_dispatch/middleware/debug_exceptions.rb:65:in `call'
web-console (3.7.0) lib/web_console/middleware.rb:135:in `call_app'
web-console (3.7.0) lib/web_console/middleware.rb:30:in `block in call'
web-console (3.7.0) lib/web_console/middleware.rb:20:in `catch'
web-console (3.7.0) lib/web_console/middleware.rb:20:in `call'
actionpack (5.2.2) lib/action_dispatch/middleware/show_exceptions.rb:33:in `call'
railties (5.2.2) lib/rails/rack/logger.rb:38:in `call_app'
railties (5.2.2) lib/rails/rack/logger.rb:26:in `block in call'
activesupport (5.2.2) lib/active_support/tagged_logging.rb:71:in `block in tagged'
activesupport (5.2.2) lib/active_support/tagged_logging.rb:28:in `tagged'
activesupport (5.2.2) lib/active_support/tagged_logging.rb:71:in `tagged'
railties (5.2.2) lib/rails/rack/logger.rb:26:in `call'
sprockets-rails (3.2.1) lib/sprockets/rails/quiet_assets.rb:13:in `call'
actionpack (5.2.2) lib/action_dispatch/middleware/remote_ip.rb:81:in `call'
actionpack (5.2.2) lib/action_dispatch/middleware/request_id.rb:27:in `call'
rack (2.0.6) lib/rack/method_override.rb:22:in `call'
rack (2.0.6) lib/rack/runtime.rb:22:in `call'
activesupport (5.2.2) lib/active_support/cache/strategy/local_cache_middleware.rb:29:in `call'
actionpack (5.2.2) lib/action_dispatch/middleware/executor.rb:14:in `call'
actionpack (5.2.2) lib/action_dispatch/middleware/static.rb:127:in `call'
rack (2.0.6) lib/rack/sendfile.rb:111:in `call'
railties (5.2.2) lib/rails/engine.rb:524:in `call'
puma (3.12.0) lib/puma/configuration.rb:225:in `call'
puma (3.12.0) lib/puma/server.rb:658:in `handle_request'
puma (3.12.0) lib/puma/server.rb:472:in `process_client'
puma (3.12.0) lib/puma/server.rb:332:in `block in run'
puma (3.12.0) lib/puma/thread_pool.rb:133:in `block in spawn_thread'
Started GET "/mountains/new" for 127.0.0.1 at 2019-01-16 08:50:21 +1100
Processing by MountainsController#new as HTML
  Rendering mountains/new.html.erb within layouts/application
  Rendered mountains/new.html.erb within layouts/application (0.6ms)
Completed 200 OK in 29ms (Views: 25.8ms | ActiveRecord: 0.0ms)


Started GET "/mountains" for 127.0.0.1 at 2019-01-16 08:50:25 +1100
  
ActionController::RoutingError (No route matches [GET] "/mountains"):
  
actionpack (5.2.2) lib/action_dispatch/middleware/debug_exceptions.rb:65:in `call'
web-console (3.7.0) lib/web_console/middleware.rb:135:in `call_app'
web-console (3.7.0) lib/web_console/middleware.rb:30:in `block in call'
web-console (3.7.0) lib/web_console/middleware.rb:20:in `catch'
web-console (3.7.0) lib/web_console/middleware.rb:20:in `call'
actionpack (5.2.2) lib/action_dispatch/middleware/show_exceptions.rb:33:in `call'
railties (5.2.2) lib/rails/rack/logger.rb:38:in `call_app'
railties (5.2.2) lib/rails/rack/logger.rb:26:in `block in call'
activesupport (5.2.2) lib/active_support/tagged_logging.rb:71:in `block in tagged'
activesupport (5.2.2) lib/active_support/tagged_logging.rb:28:in `tagged'
activesupport (5.2.2) lib/active_support/tagged_logging.rb:71:in `tagged'
railties (5.2.2) lib/rails/rack/logger.rb:26:in `call'
sprockets-rails (3.2.1) lib/sprockets/rails/quiet_assets.rb:13:in `call'
actionpack (5.2.2) lib/action_dispatch/middleware/remote_ip.rb:81:in `call'
actionpack (5.2.2) lib/action_dispatch/middleware/request_id.rb:27:in `call'
rack (2.0.6) lib/rack/method_override.rb:22:in `call'
rack (2.0.6) lib/rack/runtime.rb:22:in `call'
activesupport (5.2.2) lib/active_support/cache/strategy/local_cache_middleware.rb:29:in `call'
actionpack (5.2.2) lib/action_dispatch/middleware/executor.rb:14:in `call'
actionpack (5.2.2) lib/action_dispatch/middleware/static.rb:127:in `call'
rack (2.0.6) lib/rack/sendfile.rb:111:in `call'
railties (5.2.2) lib/rails/engine.rb:524:in `call'
puma (3.12.0) lib/puma/configuration.rb:225:in `call'
puma (3.12.0) lib/puma/server.rb:658:in `handle_request'
puma (3.12.0) lib/puma/server.rb:472:in `process_client'
puma (3.12.0) lib/puma/server.rb:332:in `block in run'
puma (3.12.0) lib/puma/thread_pool.rb:133:in `block in spawn_thread'
Started GET "/mountains/12" for 127.0.0.1 at 2019-01-16 08:51:15 +1100
Processing by MountainsController#show as HTML
  Parameters: {"id"=>"12"}
  [1m[36mMountain Load (0.8ms)[0m  [1m[34mSELECT  "mountains".* FROM "mountains" WHERE "mountains"."id" = ? LIMIT ?[0m  [["id", 12], ["LIMIT", 1]]
  ↳ app/controllers/mountains_controller.rb:7
Completed 404 Not Found in 44ms (ActiveRecord: 3.2ms)


  
ActiveRecord::RecordNotFound (Couldn't find Mountain with 'id'=12):
  
app/controllers/mountains_controller.rb:7:in `show'
Started GET "/mountains" for 127.0.0.1 at 2019-01-16 08:52:01 +1100
  
ActionController::RoutingError (No route matches [GET] "/mountains"):
  
actionpack (5.2.2) lib/action_dispatch/middleware/debug_exceptions.rb:65:in `call'
web-console (3.7.0) lib/web_console/middleware.rb:135:in `call_app'
web-console (3.7.0) lib/web_console/middleware.rb:30:in `block in call'
web-console (3.7.0) lib/web_console/middleware.rb:20:in `catch'
web-console (3.7.0) lib/web_console/middleware.rb:20:in `call'
actionpack (5.2.2) lib/action_dispatch/middleware/show_exceptions.rb:33:in `call'
railties (5.2.2) lib/rails/rack/logger.rb:38:in `call_app'
railties (5.2.2) lib/rails/rack/logger.rb:26:in `block in call'
activesupport (5.2.2) lib/active_support/tagged_logging.rb:71:in `block in tagged'
activesupport (5.2.2) lib/active_support/tagged_logging.rb:28:in `tagged'
activesupport (5.2.2) lib/active_support/tagged_logging.rb:71:in `tagged'
railties (5.2.2) lib/rails/rack/logger.rb:26:in `call'
sprockets-rails (3.2.1) lib/sprockets/rails/quiet_assets.rb:13:in `call'
actionpack (5.2.2) lib/action_dispatch/middleware/remote_ip.rb:81:in `call'
actionpack (5.2.2) lib/action_dispatch/middleware/request_id.rb:27:in `call'
rack (2.0.6) lib/rack/method_override.rb:22:in `call'
rack (2.0.6) lib/rack/runtime.rb:22:in `call'
activesupport (5.2.2) lib/active_support/cache/strategy/local_cache_middleware.rb:29:in `call'
actionpack (5.2.2) lib/action_dispatch/middleware/executor.rb:14:in `call'
actionpack (5.2.2) lib/action_dispatch/middleware/static.rb:127:in `call'
rack (2.0.6) lib/rack/sendfile.rb:111:in `call'
railties (5.2.2) lib/rails/engine.rb:524:in `call'
puma (3.12.0) lib/puma/configuration.rb:225:in `call'
puma (3.12.0) lib/puma/server.rb:658:in `handle_request'
puma (3.12.0) lib/puma/server.rb:472:in `process_client'
puma (3.12.0) lib/puma/server.rb:332:in `block in run'
puma (3.12.0) lib/puma/thread_pool.rb:133:in `block in spawn_thread'
Started GET "/mountains" for 127.0.0.1 at 2019-01-16 08:52:15 +1100
Processing by MountainsController#index as HTML
  Rendering mountains/index.html.erb within layouts/application
  Rendered mountains/index.html.erb within layouts/application (0.4ms)
Completed 200 OK in 33ms (Views: 26.8ms | ActiveRecord: 0.0ms)


Started GET "/mountains" for 127.0.0.1 at 2019-01-16 09:02:22 +1100
Processing by MountainsController#index as HTML
  Rendering mountains/index.html.erb within layouts/application
  [1m[36mMountain Load (1.1ms)[0m  [1m[34mSELECT "mountains".* FROM "mountains"[0m
  ↳ app/views/mountains/index.html.erb:3
  Rendered mountains/index.html.erb within layouts/application (3.4ms)
Completed 200 OK in 38ms (Views: 31.5ms | ActiveRecord: 1.7ms)


Started GET "/mountains" for 127.0.0.1 at 2019-01-16 09:02:23 +1100
Processing by MountainsController#index as HTML
  Rendering mountains/index.html.erb within layouts/application
  [1m[36mMountain Load (0.3ms)[0m  [1m[34mSELECT "mountains".* FROM "mountains"[0m
  ↳ app/views/mountains/index.html.erb:3
  Rendered mountains/index.html.erb within layouts/application (1.4ms)
Completed 200 OK in 32ms (Views: 27.1ms | ActiveRecord: 0.3ms)


Started GET "/mountains" for 127.0.0.1 at 2019-01-16 09:02:41 +1100
Processing by MountainsController#index as HTML
  Rendering mountains/index.html.erb within layouts/application
  [1m[36mMountain Load (0.2ms)[0m  [1m[34mSELECT "mountains".* FROM "mountains"[0m
  ↳ app/views/mountains/index.html.erb:3
  Rendered mountains/index.html.erb within layouts/application (1.1ms)
Completed 200 OK in 35ms (Views: 29.5ms | ActiveRecord: 0.2ms)


Started GET "/mountains" for 127.0.0.1 at 2019-01-16 09:02:45 +1100
Processing by MountainsController#index as HTML
  Rendering mountains/index.html.erb within layouts/application
  [1m[36mMountain Load (0.2ms)[0m  [1m[34mSELECT "mountains".* FROM "mountains"[0m
  ↳ app/views/mountains/index.html.erb:3
  Rendered mountains/index.html.erb within layouts/application (1.5ms)
Completed 200 OK in 38ms (Views: 30.3ms | ActiveRecord: 0.2ms)


Started GET "/mountains/new" for 127.0.0.1 at 2019-01-16 09:02:46 +1100
Processing by MountainsController#new as HTML
  Rendering mountains/new.html.erb within layouts/application
  Rendered mountains/new.html.erb within layouts/application (0.6ms)
Completed 200 OK in 22ms (Views: 18.7ms | ActiveRecord: 0.0ms)


Started POST "/mountains" for 127.0.0.1 at 2019-01-16 09:05:00 +1100
Processing by MountainsController#create as HTML
  Parameters: {"name"=>"Mount Everest", "image"=>"https://cdn.britannica.com/s:500x350/17/83817-004-C5DB59F8.jpg", "height"=>"8848", "location"=>"Asia"}
  [1m[35m (0.1ms)[0m  [1m[36mbegin transaction[0m
  ↳ app/controllers/mountains_controller.rb:16
  [1m[36mMountain Create (2.3ms)[0m  [1m[32mINSERT INTO "mountains" ("name", "image", "height", "location") VALUES (?, ?, ?, ?)[0m  [["name", "Mount Everest"], ["image", "https://cdn.britannica.com/s:500x350/17/83817-004-C5DB59F8.jpg"], ["height", 8848.0], ["location", "Asia"]]
  ↳ app/controllers/mountains_controller.rb:16
  [1m[35m (1.4ms)[0m  [1m[36mcommit transaction[0m
  ↳ app/controllers/mountains_controller.rb:16
Redirected to http://localhost:3000/mountains/1
Completed 302 Found in 19ms (ActiveRecord: 5.3ms)


Started GET "/mountains/1" for 127.0.0.1 at 2019-01-16 09:05:00 +1100
Processing by MountainsController#show as HTML
  Parameters: {"id"=>"1"}
  [1m[36mMountain Load (0.5ms)[0m  [1m[34mSELECT  "mountains".* FROM "mountains" WHERE "mountains"."id" = ? LIMIT ?[0m  [["id", 1], ["LIMIT", 1]]
  ↳ app/controllers/mountains_controller.rb:7
  Rendering mountains/show.html.erb within layouts/application
  Rendered mountains/show.html.erb within layouts/application (4.2ms)
Completed 500 Internal Server Error in 31ms (ActiveRecord: 0.5ms)


  
ActionView::Template::Error (undefined method `name' for nil:NilClass):
    1: <h1><%= @mountain.name %></h1>
    2: 
    3: <%= image_tag @mountain.image, :class => 'feature' if @mountain.image.present? %>
    4: 
  
app/views/mountains/show.html.erb:1:in `_app_views_mountains_show_html_erb__1813587253013138161_70142531390300'
Started PUT "/__web_console/repl_sessions/6852b78dc640e627fae6da4658f825bb" for 127.0.0.1 at 2019-01-16 09:08:25 +1100
Started PUT "/__web_console/repl_sessions/6852b78dc640e627fae6da4658f825bb" for 127.0.0.1 at 2019-01-16 09:08:36 +1100
Started PUT "/__web_console/repl_sessions/6852b78dc640e627fae6da4658f825bb" for 127.0.0.1 at 2019-01-16 09:08:36 +1100
Started PUT "/__web_console/repl_sessions/6852b78dc640e627fae6da4658f825bb" for 127.0.0.1 at 2019-01-16 09:08:41 +1100
Started PUT "/__web_console/repl_sessions/6852b78dc640e627fae6da4658f825bb" for 127.0.0.1 at 2019-01-16 09:08:43 +1100
Started GET "/mountains/1" for 127.0.0.1 at 2019-01-16 09:09:47 +1100
Processing by MountainsController#show as HTML
  Parameters: {"id"=>"1"}
  [1m[36mMountain Load (0.6ms)[0m  [1m[34mSELECT  "mountains".* FROM "mountains" WHERE "mountains"."id" = ? LIMIT ?[0m  [["id", 1], ["LIMIT", 1]]
  ↳ app/controllers/mountains_controller.rb:7
  Rendering mountains/show.html.erb within layouts/application
  Rendered mountains/show.html.erb within layouts/application (4.6ms)
Completed 200 OK in 87ms (Views: 57.3ms | ActiveRecord: 2.4ms)


Started GET "/mountains/1/edit" for 127.0.0.1 at 2019-01-16 09:09:53 +1100
Processing by MountainsController#edit as HTML
  Parameters: {"id"=>"1"}
  Rendering mountains/edit.html.erb within layouts/application
  Rendered mountains/edit.html.erb within layouts/application (5.6ms)
Completed 500 Internal Server Error in 16ms (ActiveRecord: 0.0ms)


  
ActionView::Template::Error (undefined method `id' for nil:NilClass):
    1: <h1>Edit Mountain</h1>
    2: 
    3: <form action="<%= mountain_path(@mountain.id) %>" method="post">
    4:   <label>Name:</label>
    5:   <input type="text" name="name" value="<%= @mountain.name %>" required>
    6:   <label>Image:</label>
  
app/views/mountains/edit.html.erb:3:in `_app_views_mountains_edit_html_erb___3839949867742578314_70142569323540'
Started GET "/mountains/1/edit" for 127.0.0.1 at 2019-01-16 09:12:43 +1100
Processing by MountainsController#edit as HTML
  Parameters: {"id"=>"1"}
  [1m[36mMountain Load (0.4ms)[0m  [1m[34mSELECT  "mountains".* FROM "mountains" WHERE "mountains"."id" = ? LIMIT ?[0m  [["id", 1], ["LIMIT", 1]]
  ↳ app/controllers/mountains_controller.rb:21
  Rendering mountains/edit.html.erb within layouts/application
  Rendered mountains/edit.html.erb within layouts/application (0.7ms)
Completed 200 OK in 38ms (Views: 26.0ms | ActiveRecord: 1.2ms)


Started POST "/mountains/1" for 127.0.0.1 at 2019-01-16 09:12:49 +1100
Processing by MountainsController#update as HTML
  Parameters: {"name"=>"Mount Everest", "image"=>"https://cdn.britannica.com/s:500x350/17/83817-004-C5DB59F8.jpg", "orbit"=>"8849", "location"=>"Asia", "id"=>"1"}
  [1m[36mMountain Load (0.2ms)[0m  [1m[34mSELECT  "mountains".* FROM "mountains" WHERE "mountains"."id" = ? LIMIT ?[0m  [["id", 1], ["LIMIT", 1]]
  ↳ app/controllers/mountains_controller.rb:25
  [1m[35m (0.1ms)[0m  [1m[36mbegin transaction[0m
  ↳ app/controllers/mountains_controller.rb:30
  [1m[36mMountain Update (0.7ms)[0m  [1m[33mUPDATE "mountains" SET "height" = ? WHERE "mountains"."id" = ?[0m  [["height", nil], ["id", 1]]
  ↳ app/controllers/mountains_controller.rb:30
  [1m[35m (1.1ms)[0m  [1m[36mcommit transaction[0m
  ↳ app/controllers/mountains_controller.rb:30
Redirected to http://localhost:3000/mountains/1
Completed 302 Found in 6ms (ActiveRecord: 2.0ms)


Started GET "/mountains/1" for 127.0.0.1 at 2019-01-16 09:12:49 +1100
Processing by MountainsController#show as HTML
  Parameters: {"id"=>"1"}
  [1m[36mMountain Load (0.2ms)[0m  [1m[34mSELECT  "mountains".* FROM "mountains" WHERE "mountains"."id" = ? LIMIT ?[0m  [["id", 1], ["LIMIT", 1]]
  ↳ app/controllers/mountains_controller.rb:7
  Rendering mountains/show.html.erb within layouts/application
  Rendered mountains/show.html.erb within layouts/application (1.3ms)
Completed 200 OK in 36ms (Views: 31.1ms | ActiveRecord: 0.2ms)


Started GET "/mountains/1/edit" for 127.0.0.1 at 2019-01-16 09:13:13 +1100
Processing by MountainsController#edit as HTML
  Parameters: {"id"=>"1"}
  [1m[36mMountain Load (0.2ms)[0m  [1m[34mSELECT  "mountains".* FROM "mountains" WHERE "mountains"."id" = ? LIMIT ?[0m  [["id", 1], ["LIMIT", 1]]
  ↳ app/controllers/mountains_controller.rb:21
  Rendering mountains/edit.html.erb within layouts/application
  Rendered mountains/edit.html.erb within layouts/application (0.7ms)
Completed 200 OK in 43ms (Views: 34.1ms | ActiveRecord: 0.2ms)


Started POST "/mountains/1" for 127.0.0.1 at 2019-01-16 09:13:18 +1100
Processing by MountainsController#update as HTML
  Parameters: {"name"=>"Mount Everest", "image"=>"https://cdn.britannica.com/s:500x350/17/83817-004-C5DB59F8.jpg", "orbit"=>"8849", "location"=>"Asia", "id"=>"1"}
  [1m[36mMountain Load (0.1ms)[0m  [1m[34mSELECT  "mountains".* FROM "mountains" WHERE "mountains"."id" = ? LIMIT ?[0m  [["id", 1], ["LIMIT", 1]]
  ↳ app/controllers/mountains_controller.rb:25
  [1m[35m (0.1ms)[0m  [1m[36mbegin transaction[0m
  ↳ app/controllers/mountains_controller.rb:30
  [1m[35m (0.0ms)[0m  [1m[36mcommit transaction[0m
  ↳ app/controllers/mountains_controller.rb:30
Redirected to http://localhost:3000/mountains/1
Completed 302 Found in 2ms (ActiveRecord: 0.2ms)


Started GET "/mountains/1" for 127.0.0.1 at 2019-01-16 09:13:18 +1100
Processing by MountainsController#show as HTML
  Parameters: {"id"=>"1"}
  [1m[36mMountain Load (0.2ms)[0m  [1m[34mSELECT  "mountains".* FROM "mountains" WHERE "mountains"."id" = ? LIMIT ?[0m  [["id", 1], ["LIMIT", 1]]
  ↳ app/controllers/mountains_controller.rb:7
  Rendering mountains/show.html.erb within layouts/application
  Rendered mountains/show.html.erb within layouts/application (1.2ms)
Completed 200 OK in 34ms (Views: 27.7ms | ActiveRecord: 0.2ms)


Started GET "/mountains/1" for 127.0.0.1 at 2019-01-16 09:13:39 +1100
Processing by MountainsController#show as HTML
  Parameters: {"id"=>"1"}
  [1m[36mMountain Load (0.2ms)[0m  [1m[34mSELECT  "mountains".* FROM "mountains" WHERE "mountains"."id" = ? LIMIT ?[0m  [["id", 1], ["LIMIT", 1]]
  ↳ app/controllers/mountains_controller.rb:7
  Rendering mountains/show.html.erb within layouts/application
  Rendered mountains/show.html.erb within layouts/application (1.1ms)
Completed 200 OK in 32ms (Views: 26.7ms | ActiveRecord: 0.2ms)


Started GET "/mountains/1/edit" for 127.0.0.1 at 2019-01-16 09:13:41 +1100
Processing by MountainsController#edit as HTML
  Parameters: {"id"=>"1"}
  [1m[36mMountain Load (0.5ms)[0m  [1m[34mSELECT  "mountains".* FROM "mountains" WHERE "mountains"."id" = ? LIMIT ?[0m  [["id", 1], ["LIMIT", 1]]
  ↳ app/controllers/mountains_controller.rb:21
  Rendering mountains/edit.html.erb within layouts/application
  Rendered mountains/edit.html.erb within layouts/application (1.4ms)
Completed 200 OK in 36ms (Views: 27.0ms | ActiveRecord: 0.5ms)


Started POST "/mountains/1" for 127.0.0.1 at 2019-01-16 09:13:45 +1100
Processing by MountainsController#update as HTML
  Parameters: {"name"=>"Mount Everest", "image"=>"https://cdn.britannica.com/s:500x350/17/83817-004-C5DB59F8.jpg", "height"=>"8849", "location"=>"Asia", "id"=>"1"}
  [1m[36mMountain Load (0.1ms)[0m  [1m[34mSELECT  "mountains".* FROM "mountains" WHERE "mountains"."id" = ? LIMIT ?[0m  [["id", 1], ["LIMIT", 1]]
  ↳ app/controllers/mountains_controller.rb:25
  [1m[35m (0.1ms)[0m  [1m[36mbegin transaction[0m
  ↳ app/controllers/mountains_controller.rb:30
  [1m[36mMountain Update (0.5ms)[0m  [1m[33mUPDATE "mountains" SET "height" = ? WHERE "mountains"."id" = ?[0m  [["height", 8849.0], ["id", 1]]
  ↳ app/controllers/mountains_controller.rb:30
  [1m[35m (0.8ms)[0m  [1m[36mcommit transaction[0m
  ↳ app/controllers/mountains_controller.rb:30
Redirected to http://localhost:3000/mountains/1
Completed 302 Found in 5ms (ActiveRecord: 1.6ms)


Started GET "/mountains/1" for 127.0.0.1 at 2019-01-16 09:13:45 +1100
Processing by MountainsController#show as HTML
  Parameters: {"id"=>"1"}
  [1m[36mMountain Load (0.4ms)[0m  [1m[34mSELECT  "mountains".* FROM "mountains" WHERE "mountains"."id" = ? LIMIT ?[0m  [["id", 1], ["LIMIT", 1]]
  ↳ app/controllers/mountains_controller.rb:7
  Rendering mountains/show.html.erb within layouts/application
  Rendered mountains/show.html.erb within layouts/application (1.1ms)
Completed 200 OK in 36ms (Views: 27.4ms | ActiveRecord: 0.4ms)


Started GET "/mountains" for 127.0.0.1 at 2019-01-16 09:13:56 +1100
Processing by MountainsController#index as HTML
  Rendering mountains/index.html.erb within layouts/application
  [1m[36mMountain Load (0.2ms)[0m  [1m[34mSELECT "mountains".* FROM "mountains"[0m
  ↳ app/views/mountains/index.html.erb:3
  Rendered mountains/index.html.erb within layouts/application (2.1ms)
Completed 200 OK in 40ms (Views: 31.9ms | ActiveRecord: 0.2ms)


Started GET "/mountains/new" for 127.0.0.1 at 2019-01-16 09:13:59 +1100
Processing by MountainsController#new as HTML
  Rendering mountains/new.html.erb within layouts/application
  Rendered mountains/new.html.erb within layouts/application (0.5ms)
Completed 200 OK in 26ms (Views: 22.8ms | ActiveRecord: 0.0ms)


Started POST "/mountains" for 127.0.0.1 at 2019-01-16 09:24:40 +1100
Processing by MountainsController#create as HTML
  Parameters: {"name"=>"Mount Kosciuszko", "image"=>"https://upload.wikimedia.org/wikipedia/commons/thumb/9/92/Sunrise_views_from_the_summit_of_Mount_Kosciuszko%2C_Kosciuszko_National_Park_56.jpg/1200px-Sunrise_views_from_the_summit_of_Mount_Kosciuszko%2C_Kosciuszko_National_Park_56.jpg", "height"=>"2228", "location"=>"Australia"}
  [1m[35m (0.3ms)[0m  [1m[36mbegin transaction[0m
  ↳ app/controllers/mountains_controller.rb:16
  [1m[36mMountain Create (0.7ms)[0m  [1m[32mINSERT INTO "mountains" ("name", "image", "height", "location") VALUES (?, ?, ?, ?)[0m  [["name", "Mount Kosciuszko"], ["image", "https://upload.wikimedia.org/wikipedia/commons/thumb/9/92/Sunrise_views_from_the_summit_of_Mount_Kosciuszko%2C_Kosciuszko_National_Park_56.jpg/1200px-Sunrise_views_from_the_summit_of_Mount_Kosciuszko%2C_Kosciuszko_National_Park_56.jpg"], ["height", 2228.0], ["location", "Australia"]]
  ↳ app/controllers/mountains_controller.rb:16
  [1m[35m (1.7ms)[0m  [1m[36mcommit transaction[0m
  ↳ app/controllers/mountains_controller.rb:16
Redirected to http://localhost:3000/mountains/2
Completed 302 Found in 11ms (ActiveRecord: 2.7ms)


Started GET "/mountains/2" for 127.0.0.1 at 2019-01-16 09:24:40 +1100
Processing by MountainsController#show as HTML
  Parameters: {"id"=>"2"}
  [1m[36mMountain Load (0.3ms)[0m  [1m[34mSELECT  "mountains".* FROM "mountains" WHERE "mountains"."id" = ? LIMIT ?[0m  [["id", 2], ["LIMIT", 1]]
  ↳ app/controllers/mountains_controller.rb:7
  Rendering mountains/show.html.erb within layouts/application
  Rendered mountains/show.html.erb within layouts/application (1.9ms)
Completed 200 OK in 65ms (Views: 40.2ms | ActiveRecord: 1.1ms)


Started GET "/mountains" for 127.0.0.1 at 2019-01-16 09:24:44 +1100
Processing by MountainsController#index as HTML
  Rendering mountains/index.html.erb within layouts/application
  [1m[36mMountain Load (0.2ms)[0m  [1m[34mSELECT "mountains".* FROM "mountains"[0m
  ↳ app/views/mountains/index.html.erb:3
  Rendered mountains/index.html.erb within layouts/application (2.1ms)
Completed 200 OK in 42ms (Views: 35.8ms | ActiveRecord: 0.2ms)


Started GET "/mountains/new" for 127.0.0.1 at 2019-01-16 09:24:47 +1100
Processing by MountainsController#new as HTML
  Rendering mountains/new.html.erb within layouts/application
  Rendered mountains/new.html.erb within layouts/application (0.6ms)
Completed 200 OK in 25ms (Views: 21.8ms | ActiveRecord: 0.0ms)


Started GET "/mountains" for 127.0.0.1 at 2019-01-16 09:24:49 +1100
Processing by MountainsController#index as HTML
  Rendering mountains/index.html.erb within layouts/application
  [1m[36mMountain Load (0.3ms)[0m  [1m[34mSELECT "mountains".* FROM "mountains"[0m
  ↳ app/views/mountains/index.html.erb:3
  Rendered mountains/index.html.erb within layouts/application (1.9ms)
Completed 200 OK in 44ms (Views: 36.0ms | ActiveRecord: 0.3ms)


Started GET "/mountains/new" for 127.0.0.1 at 2019-01-16 09:24:52 +1100
Processing by MountainsController#new as HTML
  Rendering mountains/new.html.erb within layouts/application
  Rendered mountains/new.html.erb within layouts/application (0.5ms)
Completed 200 OK in 25ms (Views: 21.4ms | ActiveRecord: 0.0ms)


Started POST "/mountains" for 127.0.0.1 at 2019-01-16 09:25:24 +1100
Processing by MountainsController#create as HTML
  Parameters: {"name"=>"Mount Tai ", "image"=>"", "height"=>"1533", "location"=>"China"}
  [1m[35m (0.1ms)[0m  [1m[36mbegin transaction[0m
  ↳ app/controllers/mountains_controller.rb:16
  [1m[36mMountain Create (0.7ms)[0m  [1m[32mINSERT INTO "mountains" ("name", "image", "height", "location") VALUES (?, ?, ?, ?)[0m  [["name", "Mount Tai "], ["image", ""], ["height", 1533.0], ["location", "China"]]
  ↳ app/controllers/mountains_controller.rb:16
  [1m[35m (1.3ms)[0m  [1m[36mcommit transaction[0m
  ↳ app/controllers/mountains_controller.rb:16
Redirected to http://localhost:3000/mountains/3
Completed 302 Found in 6ms (ActiveRecord: 2.1ms)


Started GET "/mountains/3" for 127.0.0.1 at 2019-01-16 09:25:24 +1100
Processing by MountainsController#show as HTML
  Parameters: {"id"=>"3"}
  [1m[36mMountain Load (0.2ms)[0m  [1m[34mSELECT  "mountains".* FROM "mountains" WHERE "mountains"."id" = ? LIMIT ?[0m  [["id", 3], ["LIMIT", 1]]
  ↳ app/controllers/mountains_controller.rb:7
  Rendering mountains/show.html.erb within layouts/application
  Rendered mountains/show.html.erb within layouts/application (2.0ms)
Completed 200 OK in 37ms (Views: 31.3ms | ActiveRecord: 0.2ms)


Started GET "/mountains/3/edit" for 127.0.0.1 at 2019-01-16 09:25:26 +1100
Processing by MountainsController#edit as HTML
  Parameters: {"id"=>"3"}
  [1m[36mMountain Load (0.4ms)[0m  [1m[34mSELECT  "mountains".* FROM "mountains" WHERE "mountains"."id" = ? LIMIT ?[0m  [["id", 3], ["LIMIT", 1]]
  ↳ app/controllers/mountains_controller.rb:21
  Rendering mountains/edit.html.erb within layouts/application
  Rendered mountains/edit.html.erb within layouts/application (0.7ms)
Completed 200 OK in 40ms (Views: 32.4ms | ActiveRecord: 0.4ms)


Started POST "/mountains/3" for 127.0.0.1 at 2019-01-16 09:25:32 +1100
Processing by MountainsController#update as HTML
  Parameters: {"name"=>"Mount Tai ", "image"=>"", "height"=>"1534", "location"=>"China", "id"=>"3"}
  [1m[36mMountain Load (0.3ms)[0m  [1m[34mSELECT  "mountains".* FROM "mountains" WHERE "mountains"."id" = ? LIMIT ?[0m  [["id", 3], ["LIMIT", 1]]
  ↳ app/controllers/mountains_controller.rb:25
  [1m[35m (0.1ms)[0m  [1m[36mbegin transaction[0m
  ↳ app/controllers/mountains_controller.rb:30
  [1m[36mMountain Update (0.7ms)[0m  [1m[33mUPDATE "mountains" SET "height" = ? WHERE "mountains"."id" = ?[0m  [["height", 1534.0], ["id", 3]]
  ↳ app/controllers/mountains_controller.rb:30
  [1m[35m (2.4ms)[0m  [1m[36mcommit transaction[0m
  ↳ app/controllers/mountains_controller.rb:30
Redirected to http://localhost:3000/mountains/3
Completed 302 Found in 9ms (ActiveRecord: 3.6ms)


Started GET "/mountains/3" for 127.0.0.1 at 2019-01-16 09:25:32 +1100
Processing by MountainsController#show as HTML
  Parameters: {"id"=>"3"}
  [1m[36mMountain Load (0.2ms)[0m  [1m[34mSELECT  "mountains".* FROM "mountains" WHERE "mountains"."id" = ? LIMIT ?[0m  [["id", 3], ["LIMIT", 1]]
  ↳ app/controllers/mountains_controller.rb:7
  Rendering mountains/show.html.erb within layouts/application
  Rendered mountains/show.html.erb within layouts/application (1.4ms)
Completed 200 OK in 33ms (Views: 27.7ms | ActiveRecord: 0.2ms)


Started GET "/mountains" for 127.0.0.1 at 2019-01-16 09:25:35 +1100
Processing by MountainsController#index as HTML
  Rendering mountains/index.html.erb within layouts/application
  [1m[36mMountain Load (0.4ms)[0m  [1m[34mSELECT "mountains".* FROM "mountains"[0m
  ↳ app/views/mountains/index.html.erb:3
  Rendered mountains/index.html.erb within layouts/application (2.5ms)
Completed 200 OK in 39ms (Views: 31.8ms | ActiveRecord: 0.4ms)


Started GET "/mountains/3" for 127.0.0.1 at 2019-01-16 09:25:36 +1100
Processing by MountainsController#show as HTML
  Parameters: {"id"=>"3"}
  [1m[36mMountain Load (0.5ms)[0m  [1m[34mSELECT  "mountains".* FROM "mountains" WHERE "mountains"."id" = ? LIMIT ?[0m  [["id", 3], ["LIMIT", 1]]
  ↳ app/controllers/mountains_controller.rb:7
  Rendering mountains/show.html.erb within layouts/application
  Rendered mountains/show.html.erb within layouts/application (1.5ms)
Completed 200 OK in 41ms (Views: 31.3ms | ActiveRecord: 0.5ms)


Started DELETE "/mountains/3" for 127.0.0.1 at 2019-01-16 09:25:39 +1100
Processing by MountainsController#destroy as HTML
  Parameters: {"authenticity_token"=>"e5CAiDxNvBYG6LC4QE+7tyOFMlS8lQ+mIxR8nIgpuDBE6wGPrr/GvYFxE/ni3Uxvye3KKBL1PAIiu5ziB8JTmw==", "id"=>"3"}
  [1m[36mMountain Load (0.3ms)[0m  [1m[34mSELECT  "mountains".* FROM "mountains" WHERE "mountains"."id" = ? LIMIT ?[0m  [["id", 3], ["LIMIT", 1]]
  ↳ app/controllers/mountains_controller.rb:35
  [1m[35m (0.1ms)[0m  [1m[36mbegin transaction[0m
  ↳ app/controllers/mountains_controller.rb:36
  [1m[36mMountain Destroy (0.4ms)[0m  [1m[31mDELETE FROM "mountains" WHERE "mountains"."id" = ?[0m  [["id", 3]]
  ↳ app/controllers/mountains_controller.rb:36
  [1m[35m (2.5ms)[0m  [1m[36mcommit transaction[0m
  ↳ app/controllers/mountains_controller.rb:36
Redirected to http://localhost:3000/mountains
Completed 302 Found in 8ms (ActiveRecord: 3.3ms)


Started GET "/mountains" for 127.0.0.1 at 2019-01-16 09:25:39 +1100
Processing by MountainsController#index as HTML
  Rendering mountains/index.html.erb within layouts/application
  [1m[36mMountain Load (0.3ms)[0m  [1m[34mSELECT "mountains".* FROM "mountains"[0m
  ↳ app/views/mountains/index.html.erb:3
  Rendered mountains/index.html.erb within layouts/application (2.3ms)
Completed 200 OK in 31ms (Views: 27.0ms | ActiveRecord: 0.3ms)


Started GET "/mountains" for 127.0.0.1 at 2019-01-16 09:25:40 +1100
Processing by MountainsController#index as HTML
  Rendering mountains/index.html.erb within layouts/application
  [1m[36mMountain Load (0.4ms)[0m  [1m[34mSELECT "mountains".* FROM "mountains"[0m
  ↳ app/views/mountains/index.html.erb:3
  Rendered mountains/index.html.erb within layouts/application (2.5ms)
Completed 200 OK in 35ms (Views: 27.5ms | ActiveRecord: 0.4ms)


Started GET "/mountains/new" for 127.0.0.1 at 2019-01-16 09:25:41 +1100
Processing by MountainsController#new as HTML
  Rendering mountains/new.html.erb within layouts/application
  Rendered mountains/new.html.erb within layouts/application (0.5ms)
Completed 200 OK in 23ms (Views: 19.7ms | ActiveRecord: 0.0ms)


Started GET "/mountains" for 127.0.0.1 at 2019-01-16 09:25:42 +1100
Processing by MountainsController#index as HTML
  Rendering mountains/index.html.erb within layouts/application
  [1m[36mMountain Load (0.3ms)[0m  [1m[34mSELECT "mountains".* FROM "mountains"[0m
  ↳ app/views/mountains/index.html.erb:3
  Rendered mountains/index.html.erb within layouts/application (2.2ms)
Completed 200 OK in 44ms (Views: 35.6ms | ActiveRecord: 0.3ms)


Started GET "/" for 127.0.0.1 at 2019-01-16 09:25:43 +1100
Processing by MountainsController#index as HTML
  Rendering mountains/index.html.erb within layouts/application
  [1m[36mMountain Load (0.3ms)[0m  [1m[34mSELECT "mountains".* FROM "mountains"[0m
  ↳ app/views/mountains/index.html.erb:3
  Rendered mountains/index.html.erb within layouts/application (2.1ms)
Completed 200 OK in 35ms (Views: 25.9ms | ActiveRecord: 0.3ms)


Started GET "/" for 127.0.0.1 at 2019-01-16 09:25:44 +1100
Processing by MountainsController#index as HTML
  Rendering mountains/index.html.erb within layouts/application
  [1m[36mMountain Load (0.2ms)[0m  [1m[34mSELECT "mountains".* FROM "mountains"[0m
  ↳ app/views/mountains/index.html.erb:3
  Rendered mountains/index.html.erb within layouts/application (2.0ms)
Completed 200 OK in 34ms (Views: 26.9ms | ActiveRecord: 0.2ms)


Started GET "/mountains" for 127.0.0.1 at 2019-01-16 09:25:45 +1100
Processing by MountainsController#index as HTML
  Rendering mountains/index.html.erb within layouts/application
  [1m[36mMountain Load (0.4ms)[0m  [1m[34mSELECT "mountains".* FROM "mountains"[0m
  ↳ app/views/mountains/index.html.erb:3
  Rendered mountains/index.html.erb within layouts/application (2.5ms)
Completed 200 OK in 41ms (Views: 31.8ms | ActiveRecord: 0.4ms)


Started GET "/mountains/new" for 127.0.0.1 at 2019-01-16 09:25:46 +1100
Processing by MountainsController#new as HTML
  Rendering mountains/new.html.erb within layouts/application
  Rendered mountains/new.html.erb within layouts/application (0.5ms)
Completed 200 OK in 23ms (Views: 19.9ms | ActiveRecord: 0.0ms)


Started GET "/mountains/new" for 127.0.0.1 at 2019-01-16 09:28:30 +1100
Processing by MountainsController#new as HTML
  Rendering mountains/new.html.erb within layouts/application
  Rendered mountains/new.html.erb within layouts/application (0.5ms)
Completed 200 OK in 86ms (Views: 83.0ms | ActiveRecord: 0.0ms)


Started GET "/mountains" for 127.0.0.1 at 2019-01-16 09:28:33 +1100
Processing by MountainsController#index as HTML
  Rendering mountains/index.html.erb within layouts/application
  [1m[36mMountain Load (0.3ms)[0m  [1m[34mSELECT "mountains".* FROM "mountains"[0m
  ↳ app/views/mountains/index.html.erb:3
  Rendered mountains/index.html.erb within layouts/application (2.0ms)
Completed 200 OK in 42ms (Views: 34.5ms | ActiveRecord: 0.3ms)


Started GET "/mountains/new" for 127.0.0.1 at 2019-01-16 09:28:34 +1100
Processing by MountainsController#new as HTML
  Rendering mountains/new.html.erb within layouts/application
  Rendered mountains/new.html.erb within layouts/application (0.4ms)
Completed 200 OK in 26ms (Views: 23.2ms | ActiveRecord: 0.0ms)


Started GET "/" for 127.0.0.1 at 2019-01-16 09:28:34 +1100
Processing by MountainsController#index as HTML
  Rendering mountains/index.html.erb within layouts/application
  [1m[36mMountain Load (0.2ms)[0m  [1m[34mSELECT "mountains".* FROM "mountains"[0m
  ↳ app/views/mountains/index.html.erb:3
  Rendered mountains/index.html.erb within layouts/application (1.9ms)
Completed 200 OK in 35ms (Views: 28.1ms | ActiveRecord: 0.2ms)


Started GET "/mountains" for 127.0.0.1 at 2019-01-16 09:28:35 +1100
Processing by MountainsController#index as HTML
  Rendering mountains/index.html.erb within layouts/application
  [1m[36mMountain Load (0.3ms)[0m  [1m[34mSELECT "mountains".* FROM "mountains"[0m
  ↳ app/views/mountains/index.html.erb:3
  Rendered mountains/index.html.erb within layouts/application (3.0ms)
Completed 200 OK in 41ms (Views: 34.3ms | ActiveRecord: 0.3ms)


Started GET "/mountains/1" for 127.0.0.1 at 2019-01-16 09:28:36 +1100
Processing by MountainsController#show as HTML
  Parameters: {"id"=>"1"}
  [1m[36mMountain Load (0.2ms)[0m  [1m[34mSELECT  "mountains".* FROM "mountains" WHERE "mountains"."id" = ? LIMIT ?[0m  [["id", 1], ["LIMIT", 1]]
  ↳ app/controllers/mountains_controller.rb:7
  Rendering mountains/show.html.erb within layouts/application
  Rendered mountains/show.html.erb within layouts/application (2.0ms)
Completed 200 OK in 37ms (Views: 29.4ms | ActiveRecord: 0.2ms)


Started GET "/" for 127.0.0.1 at 2019-01-16 09:28:39 +1100
Processing by MountainsController#index as HTML
  Rendering mountains/index.html.erb within layouts/application
  [1m[36mMountain Load (0.3ms)[0m  [1m[34mSELECT "mountains".* FROM "mountains"[0m
  ↳ app/views/mountains/index.html.erb:3
  Rendered mountains/index.html.erb within layouts/application (3.1ms)
Completed 200 OK in 47ms (Views: 38.7ms | ActiveRecord: 0.3ms)


Started GET "/mountains/2" for 127.0.0.1 at 2019-01-16 09:28:39 +1100
Processing by MountainsController#show as HTML
  Parameters: {"id"=>"2"}
  [1m[36mMountain Load (0.2ms)[0m  [1m[34mSELECT  "mountains".* FROM "mountains" WHERE "mountains"."id" = ? LIMIT ?[0m  [["id", 2], ["LIMIT", 1]]
  ↳ app/controllers/mountains_controller.rb:7
  Rendering mountains/show.html.erb within layouts/application
  Rendered mountains/show.html.erb within layouts/application (1.4ms)
Completed 200 OK in 42ms (Views: 33.8ms | ActiveRecord: 0.2ms)


Started GET "/mountains/2" for 127.0.0.1 at 2019-01-16 09:34:36 +1100
Processing by MountainsController#show as HTML
  Parameters: {"id"=>"2"}
  [1m[36mMountain Load (0.5ms)[0m  [1m[34mSELECT  "mountains".* FROM "mountains" WHERE "mountains"."id" = ? LIMIT ?[0m  [["id", 2], ["LIMIT", 1]]
  ↳ app/controllers/mountains_controller.rb:7
  Rendering mountains/show.html.erb within layouts/application
  Rendered mountains/show.html.erb within layouts/application (119.0ms)
Completed 200 OK in 193ms (Views: 178.5ms | ActiveRecord: 1.1ms)


Started GET "/mountains/2" for 127.0.0.1 at 2019-01-16 09:35:42 +1100
Processing by MountainsController#show as HTML
  Parameters: {"id"=>"2"}
  [1m[36mMountain Load (0.4ms)[0m  [1m[34mSELECT  "mountains".* FROM "mountains" WHERE "mountains"."id" = ? LIMIT ?[0m  [["id", 2], ["LIMIT", 1]]
  ↳ app/controllers/mountains_controller.rb:7
  Rendering mountains/show.html.erb within layouts/application
  Rendered mountains/show.html.erb within layouts/application (2.2ms)
Completed 200 OK in 52ms (Views: 44.6ms | ActiveRecord: 0.4ms)


